2023.02.09 06:14:08 INFO  tracing is disabled for protocol LSP, to enable tracing of incoming and outgoing JSON messages create an empty file at /home/philip/rust-programming/design_patterns/behaviour/visitor_java/.metals/lsp.trace.json or /home/philip/.cache/metals/lsp.trace.json[0m
2023.02.09 06:14:11 INFO  logging to file /home/philip/rust-programming/design_patterns/behaviour/visitor_java/.metals/metals.log[0m
2023.02.09 06:14:11 INFO  Started: Metals version 0.11.10 in workspace '/home/philip/rust-programming/design_patterns/behaviour/visitor_java' for client Visual Studio Code 1.75.0.[0m
SLF4J: No SLF4J providers were found.
SLF4J: Defaulting to no-operation (NOP) logger implementation
SLF4J: See https://www.slf4j.org/codes.html#noProviders for further details.
SLF4J: Class path contains SLF4J bindings targeting slf4j-api versions 1.7.x or earlier.
SLF4J: Ignoring binding found at [jar:file:/home/philip/.cache/coursier/v1/https/repo1.maven.org/maven2/com/outr/scribe-slf4j_2.13/3.10.5/scribe-slf4j_2.13-3.10.5.jar!/org/slf4j/impl/StaticLoggerBinder.class]
SLF4J: See https://www.slf4j.org/codes.html#ignoredBindings for an explanation.
2023.02.09 06:14:15 INFO  time: initialize in 3.57s[0m
2023.02.09 06:14:18 WARN  Build server is not auto-connectable.[0m
2023.02.09 06:14:19 WARN  no build target for: /home/philip/rust-programming/design_patterns/behaviour/visitor_java/src/main/java/com/example/App.java[0m
2023.02.09 06:14:21 INFO  time: code lens generation in 2.04s[0m
2023.02.09 06:14:56 WARN  no build target for: /home/philip/rust-programming/design_patterns/behaviour/visitor_java/src/main/java/com/example/App.java[0m
2023.02.09 06:26:32 WARN  no build target for: /home/philip/rust-programming/design_patterns/behaviour/visitor_java/src/main/java/com/example/Interface.java[0m
2023.02.09 06:26:33 WARN  no build target for: /home/philip/rust-programming/design_patterns/behaviour/visitor_java/src/main/java/com/example/Interface.java[0m
2023.02.09 06:26:36 WARN  no build target for: /home/philip/rust-programming/design_patterns/behaviour/visitor_java/src/main/java/com/example/Interface.java[0m
2023.02.09 06:26:44 WARN  no build target for: /home/philip/rust-programming/design_patterns/behaviour/visitor_java/src/main/java/com/example/Interface.java[0m
2023.02.09 06:26:45 WARN  Running javac-semanticdb failed for file:///home/philip/rust-programming/design_patterns/behaviour/visitor_java/src/main/java/com/example/Interface.java. Output:
/home/philip/rust-programming/design_patterns/behaviour/visitor_java/src/main/java/com/example/Interface.java:4: error: ';' expected
    void visit()
                ^
1 error[0m
2023.02.09 06:27:44 WARN  no build target for: /home/philip/rust-programming/design_patterns/behaviour/visitor_java/src/main/java/com/example/Interface.java[0m
2023.02.09 06:27:45 WARN  Running javac-semanticdb failed for file:///home/philip/rust-programming/design_patterns/behaviour/visitor_java/src/main/java/com/example/Interface.java. Output:
/home/philip/rust-programming/design_patterns/behaviour/visitor_java/src/main/java/com/example/Interface.java:4: error: ';' expected
    void visit()
                ^
1 error[0m
2023.02.09 06:27:53 WARN  no build target for: /home/philip/rust-programming/design_patterns/behaviour/visitor_java/src/main/java/com/example/Visitor.java[0m
2023.02.09 06:27:54 WARN  Running javac-semanticdb failed for file:///home/philip/rust-programming/design_patterns/behaviour/visitor_java/src/main/java/com/example/Visitor.java. Output:
/home/philip/rust-programming/design_patterns/behaviour/visitor_java/src/main/java/com/example/Visitor.java:4: error: ';' expected
    void visit()
                ^
1 error[0m
2023.02.09 06:27:57 WARN  no build target for: /home/philip/rust-programming/design_patterns/behaviour/visitor_java/src/main/java/com/example/Visitor.java[0m
2023.02.09 06:30:33 WARN  no build target for: /home/philip/rust-programming/design_patterns/behaviour/visitor_java/src/main/java/com/example/App.java[0m
2023.02.09 06:30:42 WARN  no build target for: /home/philip/rust-programming/design_patterns/behaviour/visitor_java/src/main/java/com/example/App.java[0m
2023.02.09 06:36:37 WARN  no build target for: /home/philip/rust-programming/design_patterns/behaviour/visitor_java/src/main/java/com/example/App.java[0m
2023.02.09 06:36:39 WARN  no build target for: /home/philip/rust-programming/design_patterns/behaviour/visitor_java/src/main/java/com/example/App.java[0m
2023.02.09 06:36:46 WARN  no build target for: /home/philip/rust-programming/design_patterns/behaviour/visitor_java/src/main/java/com/example/App.java[0m
2023.02.09 06:36:53 WARN  no build target for: /home/philip/rust-programming/design_patterns/behaviour/visitor_java/src/main/java/com/example/App.java[0m
2023.02.09 06:37:01 WARN  no build target for: /home/philip/rust-programming/design_patterns/behaviour/visitor_java/src/main/java/com/example/App.java[0m
2023.02.09 06:37:05 WARN  no build target for: /home/philip/rust-programming/design_patterns/behaviour/visitor_java/src/main/java/com/example/App.java[0m
2023.02.09 06:37:06 WARN  no build target for: /home/philip/rust-programming/design_patterns/behaviour/visitor_java/src/main/java/com/example/App.java[0m
2023.02.09 06:37:12 WARN  no build target for: /home/philip/rust-programming/design_patterns/behaviour/visitor_java/src/main/java/com/example/App.java[0m
2023.02.09 06:37:35 WARN  no build target for: /home/philip/rust-programming/design_patterns/behaviour/visitor_java/src/main/java/com/example/App.java[0m
2023.02.09 06:37:50 WARN  no build target for: /home/philip/rust-programming/design_patterns/behaviour/visitor_java/src/main/java/com/example/App.java[0m
2023.02.09 06:37:54 WARN  no build target for: /home/philip/rust-programming/design_patterns/behaviour/visitor_java/src/main/java/com/example/App.java[0m
2023.02.09 06:37:57 WARN  no build target for: /home/philip/rust-programming/design_patterns/behaviour/visitor_java/src/main/java/com/example/App.java[0m
2023.02.09 06:37:59 WARN  no build target for: /home/philip/rust-programming/design_patterns/behaviour/visitor_java/src/main/java/com/example/App.java[0m
2023.02.09 06:38:21 WARN  no build target for: /home/philip/rust-programming/design_patterns/behaviour/visitor_java/src/main/java/com/example/App.java[0m
2023.02.09 06:39:07 WARN  no build target for: /home/philip/rust-programming/design_patterns/behaviour/visitor_java/src/main/java/com/example/App.java[0m
2023.02.09 06:39:35 WARN  no build target for: /home/philip/rust-programming/design_patterns/behaviour/visitor_java/src/main/java/com/example/carParts/Engine.java[0m
2023.02.09 06:39:36 WARN  no build target for: /home/philip/rust-programming/design_patterns/behaviour/visitor_java/src/main/java/com/example/carParts/Engine.java[0m
2023.02.09 06:40:07 WARN  no build target for: /home/philip/rust-programming/design_patterns/behaviour/visitor_java/src/main/java/com/example/CarElement.java[0m
2023.02.09 06:40:09 WARN  no build target for: /home/philip/rust-programming/design_patterns/behaviour/visitor_java/src/main/java/com/example/CarElement.java[0m
2023.02.09 06:40:11 WARN  no build target for: /home/philip/rust-programming/design_patterns/behaviour/visitor_java/src/main/java/com/example/CarElement.java[0m
2023.02.09 06:40:12 WARN  no build target for: /home/philip/rust-programming/design_patterns/behaviour/visitor_java/src/main/java/com/example/CarElement.java[0m
2023.02.09 06:40:14 WARN  no build target for: /home/philip/rust-programming/design_patterns/behaviour/visitor_java/src/main/java/com/example/CarElement.java[0m
2023.02.09 06:40:17 WARN  no build target for: /home/philip/rust-programming/design_patterns/behaviour/visitor_java/src/main/java/com/example/CarElement.java[0m
2023.02.09 06:40:18 WARN  Running javac-semanticdb failed for file:///home/philip/rust-programming/design_patterns/behaviour/visitor_java/src/main/java/com/example/CarElement.java. Output:
/home/philip/rust-programming/design_patterns/behaviour/visitor_java/src/main/java/com/example/CarElement.java:4: error: ';' expected
    void accept()
                 ^
1 error[0m
2023.02.09 06:40:20 WARN  no build target for: /home/philip/rust-programming/design_patterns/behaviour/visitor_java/src/main/java/com/example/CarElement.java[0m
2023.02.09 06:40:21 WARN  Running javac-semanticdb failed for file:///home/philip/rust-programming/design_patterns/behaviour/visitor_java/src/main/java/com/example/CarElement.java. Output:
/home/philip/rust-programming/design_patterns/behaviour/visitor_java/src/main/java/com/example/CarElement.java:4: error: <identifier> expected
    void accept(Visit)
                     ^
/home/philip/rust-programming/design_patterns/behaviour/visitor_java/src/main/java/com/example/CarElement.java:4: error: ';' expected
    void accept(Visit)
                      ^
2 errors[0m
2023.02.09 06:40:23 WARN  no build target for: /home/philip/rust-programming/design_patterns/behaviour/visitor_java/src/main/java/com/example/CarElement.java[0m
2023.02.09 06:40:24 WARN  Running javac-semanticdb failed for file:///home/philip/rust-programming/design_patterns/behaviour/visitor_java/src/main/java/com/example/CarElement.java. Output:
/home/philip/rust-programming/design_patterns/behaviour/visitor_java/src/main/java/com/example/CarElement.java:4: error: ';' expected
    void accept(Visitor visitor)
                                ^
1 error[0m
2023.02.09 06:40:24 WARN  no build target for: /home/philip/rust-programming/design_patterns/behaviour/visitor_java/src/main/java/com/example/CarElement.java[0m
2023.02.09 06:40:44 WARN  no build target for: /home/philip/rust-programming/design_patterns/behaviour/visitor_java/src/main/java/com/example/carParts/Engine.java[0m
2023.02.09 06:40:52 WARN  no build target for: /home/philip/rust-programming/design_patterns/behaviour/visitor_java/src/main/java/com/example/carParts/Engine.java[0m
Feb 09, 2023 6:40:54 AM org.eclipse.lsp4j.jsonrpc.RemoteEndpoint handleCancellation
WARNING: Unmatched cancel notification for request id 597
2023.02.09 06:40:56 WARN  no build target for: /home/philip/rust-programming/design_patterns/behaviour/visitor_java/src/main/java/com/example/carParts/Engine.java[0m
2023.02.09 06:40:58 WARN  no build target for: /home/philip/rust-programming/design_patterns/behaviour/visitor_java/src/main/java/com/example/carParts/Engine.java[0m
2023.02.09 06:41:02 WARN  no build target for: /home/philip/rust-programming/design_patterns/behaviour/visitor_java/src/main/java/com/example/carParts/Engine.java[0m
2023.02.09 06:41:05 WARN  no build target for: /home/philip/rust-programming/design_patterns/behaviour/visitor_java/src/main/java/com/example/carParts/Engine.java[0m
2023.02.09 06:41:09 WARN  no build target for: /home/philip/rust-programming/design_patterns/behaviour/visitor_java/src/main/java/com/example/carParts/Engine.java[0m
2023.02.09 06:41:10 WARN  Running javac-semanticdb failed for file:///home/philip/rust-programming/design_patterns/behaviour/visitor_java/src/main/java/com/example/carParts/Engine.java. Output:
/home/philip/rust-programming/design_patterns/behaviour/visitor_java/src/main/java/com/example/carParts/Engine.java:11: error: <identifier> expected
        visitor.
                ^
/home/philip/rust-programming/design_patterns/behaviour/visitor_java/src/main/java/com/example/carParts/Engine.java:11: error: not a statement
        visitor.
               ^
2 errors[0m
2023.02.09 06:41:17 WARN  no build target for: /home/philip/rust-programming/design_patterns/behaviour/visitor_java/src/main/java/com/example/carParts/Engine.java[0m
2023.02.09 06:41:22 WARN  no build target for: /home/philip/rust-programming/design_patterns/behaviour/visitor_java/src/main/java/com/example/carParts/Engine.java[0m
2023.02.09 06:41:33 WARN  no build target for: /home/philip/rust-programming/design_patterns/behaviour/visitor_java/src/main/java/com/example/Visitor.java[0m
2023.02.09 06:41:36 WARN  no build target for: /home/philip/rust-programming/design_patterns/behaviour/visitor_java/src/main/java/com/example/Visitor.java[0m
2023.02.09 06:42:02 WARN  no build target for: /home/philip/rust-programming/design_patterns/behaviour/visitor_java/src/main/java/com/example/carParts/Body.java[0m
2023.02.09 06:42:03 WARN  no build target for: /home/philip/rust-programming/design_patterns/behaviour/visitor_java/src/main/java/com/example/carParts/Body.java[0m
2023.02.09 06:42:21 WARN  no build target for: /home/philip/rust-programming/design_patterns/behaviour/visitor_java/src/main/java/com/example/carParts/Body.java[0m
2023.02.09 06:42:24 WARN  no build target for: /home/philip/rust-programming/design_patterns/behaviour/visitor_java/src/main/java/com/example/carParts/Body.java[0m
2023.02.09 06:42:28 WARN  no build target for: /home/philip/rust-programming/design_patterns/behaviour/visitor_java/src/main/java/com/example/carParts/Body.java[0m
2023.02.09 06:42:32 WARN  no build target for: /home/philip/rust-programming/design_patterns/behaviour/visitor_java/src/main/java/com/example/carParts/Body.java[0m
2023.02.09 06:42:33 WARN  Running javac-semanticdb failed for file:///home/philip/rust-programming/design_patterns/behaviour/visitor_java/src/main/java/com/example/carParts/Body.java. Output:
/home/philip/rust-programming/design_patterns/behaviour/visitor_java/src/main/java/com/example/carParts/Body.java:11: error: <identifier> expected
        visitor.
                ^
/home/philip/rust-programming/design_patterns/behaviour/visitor_java/src/main/java/com/example/carParts/Body.java:11: error: not a statement
        visitor.
               ^
2 errors[0m
2023.02.09 06:42:38 WARN  no build target for: /home/philip/rust-programming/design_patterns/behaviour/visitor_java/src/main/java/com/example/carParts/Body.java[0m
2023.02.09 06:43:20 WARN  no build target for: /home/philip/rust-programming/design_patterns/behaviour/visitor_java/src/main/java/com/example/carParts/Body.java[0m
2023.02.09 06:43:28 WARN  no build target for: /home/philip/rust-programming/design_patterns/behaviour/visitor_java/src/main/java/com/example/carParts/Body.java[0m
2023.02.09 06:43:29 WARN  Running javac-semanticdb failed for file:///home/philip/rust-programming/design_patterns/behaviour/visitor_java/src/main/java/com/example/carParts/Body.java. Output:
/home/philip/rust-programming/design_patterns/behaviour/visitor_java/src/main/java/com/example/carParts/Body.java:11: error: <identifier> expected
        visitor.(this);
                ^
1 error[0m
2023.02.09 06:43:32 WARN  no build target for: /home/philip/rust-programming/design_patterns/behaviour/visitor_java/src/main/java/com/example/carParts/Body.java[0m
2023.02.09 06:43:33 WARN  Running javac-semanticdb failed for file:///home/philip/rust-programming/design_patterns/behaviour/visitor_java/src/main/java/com/example/carParts/Body.java. Output:
/home/philip/rust-programming/design_patterns/behaviour/visitor_java/src/main/java/com/example/carParts/Body.java:11: error: <identifier> expected
        visitor.
                ^
/home/philip/rust-programming/design_patterns/behaviour/visitor_java/src/main/java/com/example/carParts/Body.java:11: error: not a statement
        visitor.
               ^
2 errors[0m
2023.02.09 06:43:38 WARN  no build target for: /home/philip/rust-programming/design_patterns/behaviour/visitor_java/src/main/java/com/example/carParts/Body.java[0m
2023.02.09 06:43:40 INFO  time: code lens generation in 1.46s[0m
2023.02.09 06:43:42 WARN  no build target for: /home/philip/rust-programming/design_patterns/behaviour/visitor_java/src/main/java/com/example/carParts/Body.java[0m
2023.02.09 06:44:04 WARN  no build target for: /home/philip/rust-programming/design_patterns/behaviour/visitor_java/src/main/java/com/example/Visitor.java[0m
2023.02.09 06:44:07 WARN  no build target for: /home/philip/rust-programming/design_patterns/behaviour/visitor_java/src/main/java/com/example/Visitor.java[0m
2023.02.09 06:44:09 WARN  no build target for: /home/philip/rust-programming/design_patterns/behaviour/visitor_java/src/main/java/com/example/Visitor.java[0m
2023.02.09 06:44:12 WARN  no build target for: /home/philip/rust-programming/design_patterns/behaviour/visitor_java/src/main/java/com/example/Visitor.java[0m
2023.02.09 06:44:17 WARN  no build target for: /home/philip/rust-programming/design_patterns/behaviour/visitor_java/src/main/java/com/example/carParts/Car.java[0m
2023.02.09 06:44:18 WARN  no build target for: /home/philip/rust-programming/design_patterns/behaviour/visitor_java/src/main/java/com/example/carParts/Car.java[0m
2023.02.09 06:44:22 WARN  no build target for: /home/philip/rust-programming/design_patterns/behaviour/visitor_java/src/main/java/com/example/Visitor.java[0m
2023.02.09 06:44:22 WARN  no build target for: /home/philip/rust-programming/design_patterns/behaviour/visitor_java/src/main/java/com/example/Visitor.java[0m
2023.02.09 06:44:22 WARN  no build target for: /home/philip/rust-programming/design_patterns/behaviour/visitor_java/src/main/java/com/example/Visitor.java[0m
2023.02.09 06:44:24 WARN  no build target for: /home/philip/rust-programming/design_patterns/behaviour/visitor_java/src/main/java/com/example/Visitor.java[0m
2023.02.09 06:44:25 INFO  time: code lens generation in 1s[0m
2023.02.09 06:45:12 WARN  no build target for: /home/philip/rust-programming/design_patterns/behaviour/visitor_java/src/main/java/com/example/carParts/Wheels.java[0m
2023.02.09 06:45:13 WARN  no build target for: /home/philip/rust-programming/design_patterns/behaviour/visitor_java/src/main/java/com/example/carParts/Wheels.java[0m
2023.02.09 06:45:57 WARN  no build target for: /home/philip/rust-programming/design_patterns/behaviour/visitor_java/src/main/java/com/example/Visitor.java[0m
2023.02.09 06:45:58 WARN  no build target for: /home/philip/rust-programming/design_patterns/behaviour/visitor_java/src/main/java/com/example/Visitor.java[0m
Feb 09, 2023 6:46:07 AM org.eclipse.lsp4j.jsonrpc.services.GenericEndpoint notify
INFO: Unsupported notification method: $/setTrace
