2023.02.27 07:54:45 INFO  tracing is disabled for protocol LSP, to enable tracing of incoming and outgoing JSON messages create an empty file at /home/philip/rust-programming/design_patterns/low-level-designs/flight_booking_service/.metals/lsp.trace.json or /home/philip/.cache/metals/lsp.trace.json[0m
2023.02.27 07:54:46 INFO  logging to file /home/philip/rust-programming/design_patterns/low-level-designs/flight_booking_service/.metals/metals.log[0m
2023.02.27 07:54:46 INFO  Started: Metals version 0.11.10 in workspace '/home/philip/rust-programming/design_patterns/low-level-designs/flight_booking_service' for client Visual Studio Code 1.75.1.[0m
SLF4J: No SLF4J providers were found.
SLF4J: Defaulting to no-operation (NOP) logger implementation
SLF4J: See https://www.slf4j.org/codes.html#noProviders for further details.
SLF4J: Class path contains SLF4J bindings targeting slf4j-api versions 1.7.x or earlier.
SLF4J: Ignoring binding found at [jar:file:/home/philip/.cache/coursier/v1/https/repo1.maven.org/maven2/com/outr/scribe-slf4j_2.13/3.10.5/scribe-slf4j_2.13-3.10.5.jar!/org/slf4j/impl/StaticLoggerBinder.class]
SLF4J: See https://www.slf4j.org/codes.html#ignoredBindings for an explanation.
2023.02.27 07:54:48 INFO  time: initialize in 2.35s[0m
2023.02.27 07:54:50 WARN  Build server is not auto-connectable.[0m
2023.02.27 07:56:33 WARN  no build target for: /home/philip/rust-programming/design_patterns/low-level-designs/flight_booking_service/src/main/java/com/example/flight_booking_service/FlightBookingServiceApplication.java[0m
Feb 27, 2023 7:56:33 AM org.eclipse.lsp4j.jsonrpc.RemoteEndpoint handleCancellation
WARNING: Unmatched cancel notification for request id 2
2023.02.27 07:56:34 INFO  time: code lens generation in 1.24s[0m
2023.02.27 08:04:03 WARN  no build target for: /home/philip/rust-programming/design_patterns/low-level-designs/flight_booking_service/src/main/java/com/example/flight_booking_service/FlightBookingServiceApplication.java[0m
Feb 27, 2023 8:04:11 AM org.eclipse.lsp4j.jsonrpc.services.GenericEndpoint notify
INFO: Unsupported notification method: $/setTrace
2023.02.27 16:51:26 INFO  tracing is disabled for protocol LSP, to enable tracing of incoming and outgoing JSON messages create an empty file at /home/philip/rust-programming/design_patterns/low-level-designs/flight_booking_service/.metals/lsp.trace.json or /home/philip/.cache/metals/lsp.trace.json[0m
2023.02.27 16:51:28 INFO  logging to file /home/philip/rust-programming/design_patterns/low-level-designs/flight_booking_service/.metals/metals.log[0m
2023.02.27 16:51:28 INFO  Started: Metals version 0.11.10 in workspace '/home/philip/rust-programming/design_patterns/low-level-designs/flight_booking_service' for client Visual Studio Code 1.75.1.[0m
SLF4J: No SLF4J providers were found.
SLF4J: Defaulting to no-operation (NOP) logger implementation
SLF4J: See https://www.slf4j.org/codes.html#noProviders for further details.
SLF4J: Class path contains SLF4J bindings targeting slf4j-api versions 1.7.x or earlier.
SLF4J: Ignoring binding found at [jar:file:/home/philip/.cache/coursier/v1/https/repo1.maven.org/maven2/com/outr/scribe-slf4j_2.13/3.10.5/scribe-slf4j_2.13-3.10.5.jar!/org/slf4j/impl/StaticLoggerBinder.class]
SLF4J: See https://www.slf4j.org/codes.html#ignoredBindings for an explanation.
2023.02.27 16:51:32 INFO  time: initialize in 4.08s[0m
2023.02.27 16:51:37 WARN  Build server is not auto-connectable.[0m
2023.02.27 16:51:37 WARN  no build target for: /home/philip/rust-programming/design_patterns/low-level-designs/flight_booking_service/src/main/java/com/example/flight_booking_service/FlightBookingServiceApplication.java[0m
2023.02.27 16:51:41 INFO  time: code lens generation in 4.03s[0m
Feb 27, 2023 4:55:54 PM org.eclipse.lsp4j.jsonrpc.RemoteEndpoint handleCancellation
WARNING: Unmatched cancel notification for request id 4
Feb 27, 2023 4:56:24 PM org.eclipse.lsp4j.jsonrpc.services.GenericEndpoint notify
INFO: Unsupported notification method: $/setTrace
2023.02.27 17:51:22 WARN  no build target for: /home/philip/rust-programming/design_patterns/low-level-designs/flight_booking_service/src/main/java/com/example/flight_booking_service/FlightBookingServiceApplication.java[0m
2023.02.27 17:56:03 WARN  no build target for: /home/philip/rust-programming/design_patterns/low-level-designs/flight_booking_service/src/main/java/com/example/flight_booking_service/FlightBookingServiceApplication.java[0m
2023.02.27 17:56:05 WARN  Running javac-semanticdb failed for file:///home/philip/rust-programming/design_patterns/low-level-designs/flight_booking_service/src/main/java/com/example/flight_booking_service/FlightBookingServiceApplication.java. Output:
/home/philip/rust-programming/design_patterns/low-level-designs/flight_booking_service/src/main/java/com/example/flight_booking_service/FlightBookingServiceApplication.java:13: error: ';' expected
		SpringApplication.run(FlightBookingServiceApplication.class, args);
		                 ^
1 error[0m
2023.02.27 17:56:05 INFO  time: code lens generation in 2.17s[0m
2023.02.27 17:56:05 INFO  time: code lens generation in 1.02s[0m
2023.02.27 17:56:06 WARN  no build target for: /home/philip/rust-programming/design_patterns/low-level-designs/flight_booking_service/src/main/java/com/example/flight_booking_service/FlightBookingServiceApplication.java[0m
2023.02.27 17:56:10 INFO  time: code lens generation in 1.63s[0m
2023.02.27 17:56:13 WARN  no build target for: /home/philip/rust-programming/design_patterns/low-level-designs/flight_booking_service/src/main/java/com/example/flight_booking_service/FlightBookingServiceApplication.java[0m
Feb 27, 2023 5:56:16 PM org.eclipse.lsp4j.jsonrpc.services.GenericEndpoint notify
INFO: Unsupported notification method: $/setTrace
2023.02.27 17:56:16 INFO  time: code lens generation in 3.15s[0m
2023.02.27 18:39:25 WARN  no build target for: /home/philip/rust-programming/design_patterns/low-level-designs/flight_booking_service/src/main/java/com/example/flight_booking_service/models/User.java[0m
2023.02.27 18:39:28 WARN  no build target for: /home/philip/rust-programming/design_patterns/low-level-designs/flight_booking_service/src/main/java/com/example/flight_booking_service/models/User.java[0m
2023.02.27 18:39:31 INFO  time: code lens generation in 1.94s[0m
2023.02.27 18:39:31 INFO  time: code lens generation in 4.1s[0m
2023.02.27 18:39:31 INFO  time: code lens generation in 5.21s[0m
2023.02.27 18:57:24 WARN  no build target for: /home/philip/rust-programming/design_patterns/low-level-designs/flight_booking_service/src/main/java/com/example/flight_booking_service/models/Passenger.java[0m
2023.02.27 18:57:25 WARN  no build target for: /home/philip/rust-programming/design_patterns/low-level-designs/flight_booking_service/src/main/java/com/example/flight_booking_service/models/Passenger.java[0m
2023.02.27 18:57:30 INFO  time: code lens generation in 3.65s[0m
2023.02.27 18:57:30 INFO  time: code lens generation in 5s[0m
2023.02.27 19:16:27 WARN  no build target for: /home/philip/rust-programming/design_patterns/low-level-designs/flight_booking_service/src/main/java/com/example/flight_booking_service/models/Passenger.java[0m
2023.02.27 19:16:31 WARN  no build target for: /home/philip/rust-programming/design_patterns/low-level-designs/flight_booking_service/src/main/java/com/example/flight_booking_service/models/Passenger.java[0m
2023.02.27 19:16:34 WARN  no build target for: /home/philip/rust-programming/design_patterns/low-level-designs/flight_booking_service/src/main/java/com/example/flight_booking_service/models/Passenger.java[0m
2023.02.27 19:16:36 WARN  Running javac-semanticdb failed for file:///home/philip/rust-programming/design_patterns/low-level-designs/flight_booking_service/src/main/java/com/example/flight_booking_service/models/Passenger.java. Output:
/home/philip/rust-programming/design_patterns/low-level-designs/flight_booking_service/src/main/java/com/example/flight_booking_service/models/Passenger.java:4: error: <identifier> expected
    Integer id,
               ^
1 error[0m
2023.02.27 19:16:36 WARN  no build target for: /home/philip/rust-programming/design_patterns/low-level-designs/flight_booking_service/src/main/java/com/example/flight_booking_service/models/Passenger.java[0m
2023.02.27 19:16:41 INFO  time: code lens generation in 2.8s[0m
2023.02.27 19:16:48 WARN  no build target for: /home/philip/rust-programming/design_patterns/low-level-designs/flight_booking_service/src/main/java/com/example/flight_booking_service/models/Passenger.java[0m
2023.02.27 19:16:56 WARN  no build target for: /home/philip/rust-programming/design_patterns/low-level-designs/flight_booking_service/src/main/java/com/example/flight_booking_service/models/Passenger.java[0m
Feb 27, 2023 7:17:00 PM org.eclipse.lsp4j.jsonrpc.RemoteEndpoint handleCancellation
WARNING: Unmatched cancel notification for request id 145
2023.02.27 19:17:01 WARN  no build target for: /home/philip/rust-programming/design_patterns/low-level-designs/flight_booking_service/src/main/java/com/example/flight_booking_service/models/Passenger.java[0m
2023.02.27 19:17:04 WARN  Running javac-semanticdb failed for file:///home/philip/rust-programming/design_patterns/low-level-designs/flight_booking_service/src/main/java/com/example/flight_booking_service/models/Passenger.java. Output:
/home/philip/rust-programming/design_patterns/low-level-designs/flight_booking_service/src/main/java/com/example/flight_booking_service/models/Passenger.java:5: error: <identifier> expected
    String 
          ^
1 error[0m
2023.02.27 19:17:09 WARN  no build target for: /home/philip/rust-programming/design_patterns/low-level-designs/flight_booking_service/src/main/java/com/example/flight_booking_service/models/Passenger.java[0m
2023.02.27 19:17:12 WARN  no build target for: /home/philip/rust-programming/design_patterns/low-level-designs/flight_booking_service/src/main/java/com/example/flight_booking_service/models/Passenger.java[0m
2023.02.27 19:17:14 WARN  no build target for: /home/philip/rust-programming/design_patterns/low-level-designs/flight_booking_service/src/main/java/com/example/flight_booking_service/models/Passenger.java[0m
2023.02.27 19:17:19 INFO  time: code lens generation in 3.09s[0m
2023.02.27 19:18:36 WARN  no build target for: /home/philip/rust-programming/design_patterns/low-level-designs/flight_booking_service/src/main/java/com/example/flight_booking_service/models/Passenger.java[0m
Feb 27, 2023 7:18:40 PM org.eclipse.lsp4j.jsonrpc.RemoteEndpoint handleCancellation
WARNING: Unmatched cancel notification for request id 200
2023.02.27 19:18:41 INFO  time: code lens generation in 2.07s[0m
2023.02.27 19:18:41 INFO  time: code lens generation in 5.25s[0m
2023.02.27 19:18:41 INFO  time: code lens generation in 1.9s[0m
2023.02.27 19:18:41 WARN  no build target for: /home/philip/rust-programming/design_patterns/low-level-designs/flight_booking_service/src/main/java/com/example/flight_booking_service/models/Passenger.java[0m
2023.02.27 19:18:46 INFO  time: code lens generation in 4.07s[0m
2023.02.27 19:18:52 WARN  no build target for: /home/philip/rust-programming/design_patterns/low-level-designs/flight_booking_service/src/main/java/com/example/flight_booking_service/models/Passenger.java[0m
Feb 27, 2023 7:18:54 PM org.eclipse.lsp4j.jsonrpc.RemoteEndpoint handleCancellation
WARNING: Unmatched cancel notification for request id 236
Feb 27, 2023 7:18:54 PM org.eclipse.lsp4j.jsonrpc.RemoteEndpoint handleCancellation
WARNING: Unmatched cancel notification for request id 237
2023.02.27 19:18:57 INFO  time: code lens generation in 4.11s[0m
2023.02.27 19:18:58 WARN  no build target for: /home/philip/rust-programming/design_patterns/low-level-designs/flight_booking_service/src/main/java/com/example/flight_booking_service/models/Passenger.java[0m
2023.02.27 19:19:02 INFO  time: code lens generation in 3.73s[0m
2023.02.27 19:19:02 INFO  time: code lens generation in 1.85s[0m
2023.02.27 19:19:11 WARN  no build target for: /home/philip/rust-programming/design_patterns/low-level-designs/flight_booking_service/src/main/java/com/example/flight_booking_service/models/Passenger.java[0m
2023.02.27 19:19:13 WARN  no build target for: /home/philip/rust-programming/design_patterns/low-level-designs/flight_booking_service/src/main/java/com/example/flight_booking_service/models/Passenger.java[0m
2023.02.27 19:19:17 INFO  time: code lens generation in 2.36s[0m
2023.02.27 19:40:42 WARN  no build target for: /home/philip/rust-programming/design_patterns/low-level-designs/flight_booking_service/src/main/java/com/example/flight_booking_service/models/Flight.java[0m
2023.02.27 19:40:43 WARN  no build target for: /home/philip/rust-programming/design_patterns/low-level-designs/flight_booking_service/src/main/java/com/example/flight_booking_service/models/Flight.java[0m
2023.02.27 19:40:44 INFO  time: code lens generation in 1.06s[0m
2023.02.27 19:40:56 WARN  no build target for: /home/philip/rust-programming/design_patterns/low-level-designs/flight_booking_service/src/main/java/com/example/flight_booking_service/models/Flight.java[0m
2023.02.27 19:41:06 WARN  no build target for: /home/philip/rust-programming/design_patterns/low-level-designs/flight_booking_service/src/main/java/com/example/flight_booking_service/models/Flight.java[0m
2023.02.27 19:41:06 WARN  Running javac-semanticdb failed for file:///home/philip/rust-programming/design_patterns/low-level-designs/flight_booking_service/src/main/java/com/example/flight_booking_service/models/Flight.java. Output:
/home/philip/rust-programming/design_patterns/low-level-designs/flight_booking_service/src/main/java/com/example/flight_booking_service/models/Flight.java:8: error: <identifier> expected
    int 
       ^
1 error[0m
2023.02.27 19:41:09 WARN  no build target for: /home/philip/rust-programming/design_patterns/low-level-designs/flight_booking_service/src/main/java/com/example/flight_booking_service/models/Flight.java[0m
2023.02.27 19:41:12 WARN  no build target for: /home/philip/rust-programming/design_patterns/low-level-designs/flight_booking_service/src/main/java/com/example/flight_booking_service/models/Flight.java[0m
2023.02.27 19:41:12 WARN  Running javac-semanticdb failed for file:///home/philip/rust-programming/design_patterns/low-level-designs/flight_booking_service/src/main/java/com/example/flight_booking_service/models/Flight.java. Output:
/home/philip/rust-programming/design_patterns/low-level-designs/flight_booking_service/src/main/java/com/example/flight_booking_service/models/Flight.java:7: error: > expected
    int totalSeats;
        ^
1 error[0m
2023.02.27 19:41:21 WARN  no build target for: /home/philip/rust-programming/design_patterns/low-level-designs/flight_booking_service/src/main/java/com/example/flight_booking_service/models/Flight.java[0m
2023.02.27 19:41:22 WARN  no build target for: /home/philip/rust-programming/design_patterns/low-level-designs/flight_booking_service/src/main/java/com/example/flight_booking_service/models/Flight.java[0m
Feb 27, 2023 7:41:28 PM org.eclipse.lsp4j.jsonrpc.RemoteEndpoint handleCancellation
WARNING: Unmatched cancel notification for request id 446
2023.02.27 19:41:30 WARN  no build target for: /home/philip/rust-programming/design_patterns/low-level-designs/flight_booking_service/src/main/java/com/example/flight_booking_service/models/Flight.java[0m
2023.02.27 19:42:33 WARN  no build target for: /home/philip/rust-programming/design_patterns/low-level-designs/flight_booking_service/src/main/java/com/example/flight_booking_service/models/Flight.java[0m
2023.02.27 19:42:42 WARN  no build target for: /home/philip/rust-programming/design_patterns/low-level-designs/flight_booking_service/src/main/java/com/example/flight_booking_service/models/Flight.java[0m
2023.02.27 19:42:48 WARN  no build target for: /home/philip/rust-programming/design_patterns/low-level-designs/flight_booking_service/src/main/java/com/example/flight_booking_service/models/Flight.java[0m
2023.02.27 19:42:49 WARN  Running javac-semanticdb failed for file:///home/philip/rust-programming/design_patterns/low-level-designs/flight_booking_service/src/main/java/com/example/flight_booking_service/models/Flight.java. Output:
/home/philip/rust-programming/design_patterns/low-level-designs/flight_booking_service/src/main/java/com/example/flight_booking_service/models/Flight.java:6: error: ';' expected
    String departure
                    ^
1 error[0m
2023.02.27 19:42:51 WARN  no build target for: /home/philip/rust-programming/design_patterns/low-level-designs/flight_booking_service/src/main/java/com/example/flight_booking_service/models/Flight.java[0m
2023.02.27 19:42:57 WARN  no build target for: /home/philip/rust-programming/design_patterns/low-level-designs/flight_booking_service/src/main/java/com/example/flight_booking_service/models/Flight.java[0m
2023.02.27 19:43:04 WARN  no build target for: /home/philip/rust-programming/design_patterns/low-level-designs/flight_booking_service/src/main/java/com/example/flight_booking_service/models/Flight.java[0m
2023.02.27 19:43:09 WARN  no build target for: /home/philip/rust-programming/design_patterns/low-level-designs/flight_booking_service/src/main/java/com/example/flight_booking_service/models/Flight.java[0m
2023.02.27 19:43:10 WARN  Running javac-semanticdb failed for file:///home/philip/rust-programming/design_patterns/low-level-designs/flight_booking_service/src/main/java/com/example/flight_booking_service/models/Flight.java. Output:
/home/philip/rust-programming/design_patterns/low-level-designs/flight_booking_service/src/main/java/com/example/flight_booking_service/models/Flight.java:9: error: <identifier> expected
    Instant
           ^
1 error[0m
2023.02.27 19:43:18 WARN  no build target for: /home/philip/rust-programming/design_patterns/low-level-designs/flight_booking_service/src/main/java/com/example/flight_booking_service/models/Flight.java[0m
Feb 27, 2023 7:43:19 PM org.eclipse.lsp4j.jsonrpc.RemoteEndpoint handleCancellation
WARNING: Unmatched cancel notification for request id 634
2023.02.27 19:43:21 WARN  no build target for: /home/philip/rust-programming/design_patterns/low-level-designs/flight_booking_service/src/main/java/com/example/flight_booking_service/models/Flight.java[0m
2023.02.27 19:43:21 WARN  Running javac-semanticdb failed for file:///home/philip/rust-programming/design_patterns/low-level-designs/flight_booking_service/src/main/java/com/example/flight_booking_service/models/Flight.java. Output:
/home/philip/rust-programming/design_patterns/low-level-designs/flight_booking_service/src/main/java/com/example/flight_booking_service/models/Flight.java:12: error: <identifier> expected
    Instant 
           ^
1 error[0m
2023.02.27 19:43:26 WARN  no build target for: /home/philip/rust-programming/design_patterns/low-level-designs/flight_booking_service/src/main/java/com/example/flight_booking_service/models/Flight.java[0m
2023.02.27 19:43:27 WARN  Running javac-semanticdb failed for file:///home/philip/rust-programming/design_patterns/low-level-designs/flight_booking_service/src/main/java/com/example/flight_booking_service/models/Flight.java. Output:
/home/philip/rust-programming/design_patterns/low-level-designs/flight_booking_service/src/main/java/com/example/flight_booking_service/models/Flight.java:12: error: ';' expected
    Instant arrivalTimel
                        ^
1 error[0m
2023.02.27 19:43:28 WARN  no build target for: /home/philip/rust-programming/design_patterns/low-level-designs/flight_booking_service/src/main/java/com/example/flight_booking_service/models/Flight.java[0m
2023.02.27 19:43:38 WARN  no build target for: /home/philip/rust-programming/design_patterns/low-level-designs/flight_booking_service/src/main/java/com/example/flight_booking_service/models/Flight.java[0m
2023.02.27 19:43:43 WARN  no build target for: /home/philip/rust-programming/design_patterns/low-level-designs/flight_booking_service/src/main/java/com/example/flight_booking_service/models/Flight.java[0m
2023.02.27 19:43:48 WARN  no build target for: /home/philip/rust-programming/design_patterns/low-level-designs/flight_booking_service/src/main/java/com/example/flight_booking_service/models/Flight.java[0m
2023.02.27 19:43:52 WARN  no build target for: /home/philip/rust-programming/design_patterns/low-level-designs/flight_booking_service/src/main/java/com/example/flight_booking_service/models/Flight.java[0m
2023.02.27 19:43:53 WARN  Running javac-semanticdb failed for file:///home/philip/rust-programming/design_patterns/low-level-designs/flight_booking_service/src/main/java/com/example/flight_booking_service/models/Flight.java. Output:
/home/philip/rust-programming/design_patterns/low-level-designs/flight_booking_service/src/main/java/com/example/flight_booking_service/models/Flight.java:19: error: <identifier> expected
    Air 
       ^
1 error[0m
2023.02.27 19:43:53 WARN  no build target for: /home/philip/rust-programming/design_patterns/low-level-designs/flight_booking_service/src/main/java/com/example/flight_booking_service/models/Flight.java[0m
2023.02.27 19:43:56 WARN  no build target for: /home/philip/rust-programming/design_patterns/low-level-designs/flight_booking_service/src/main/java/com/example/flight_booking_service/models/Flight.java[0m
2023.02.27 19:43:56 WARN  Running javac-semanticdb failed for file:///home/philip/rust-programming/design_patterns/low-level-designs/flight_booking_service/src/main/java/com/example/flight_booking_service/models/Flight.java. Output:
/home/philip/rust-programming/design_patterns/low-level-designs/flight_booking_service/src/main/java/com/example/flight_booking_service/models/Flight.java:19: error: <identifier> expected
    Air
       ^
1 error[0m
2023.02.27 19:44:02 WARN  no build target for: /home/philip/rust-programming/design_patterns/low-level-designs/flight_booking_service/src/main/java/com/example/flight_booking_service/models/Flight.java[0m
2023.02.27 19:44:03 WARN  Running javac-semanticdb failed for file:///home/philip/rust-programming/design_patterns/low-level-designs/flight_booking_service/src/main/java/com/example/flight_booking_service/models/Flight.java. Output:
/home/philip/rust-programming/design_patterns/low-level-designs/flight_booking_service/src/main/java/com/example/flight_booking_service/models/Flight.java:19: error: ';' expected
    Airline airline
                   ^
1 error[0m
2023.02.27 19:44:03 WARN  no build target for: /home/philip/rust-programming/design_patterns/low-level-designs/flight_booking_service/src/main/java/com/example/flight_booking_service/models/Flight.java[0m
2023.02.27 19:44:12 WARN  no build target for: /home/philip/rust-programming/design_patterns/low-level-designs/flight_booking_service/src/main/java/com/example/flight_booking_service/models/Flight.java[0m
2023.02.27 19:44:16 WARN  no build target for: /home/philip/rust-programming/design_patterns/low-level-designs/flight_booking_service/src/main/java/com/example/flight_booking_service/models/Flight.java[0m
2023.02.27 19:44:17 WARN  Running javac-semanticdb failed for file:///home/philip/rust-programming/design_patterns/low-level-designs/flight_booking_service/src/main/java/com/example/flight_booking_service/models/Flight.java. Output:
/home/philip/rust-programming/design_patterns/low-level-designs/flight_booking_service/src/main/java/com/example/flight_booking_service/models/Flight.java:23: error: ';' expected
    int bookedSeatsl
                    ^
1 error[0m
2023.02.27 19:44:18 WARN  no build target for: /home/philip/rust-programming/design_patterns/low-level-designs/flight_booking_service/src/main/java/com/example/flight_booking_service/models/Flight.java[0m
2023.02.27 19:44:35 WARN  no build target for: /home/philip/rust-programming/design_patterns/low-level-designs/flight_booking_service/src/main/java/com/example/flight_booking_service/models/Flight.java[0m
2023.02.27 19:44:39 WARN  no build target for: /home/philip/rust-programming/design_patterns/low-level-designs/flight_booking_service/src/main/java/com/example/flight_booking_service/models/Flight.java[0m
2023.02.27 19:44:47 WARN  no build target for: /home/philip/rust-programming/design_patterns/low-level-designs/flight_booking_service/src/main/java/com/example/flight_booking_service/models/Airline.java[0m
2023.02.27 19:44:48 WARN  no build target for: /home/philip/rust-programming/design_patterns/low-level-designs/flight_booking_service/src/main/java/com/example/flight_booking_service/models/Airline.java[0m
2023.02.27 19:44:57 WARN  no build target for: /home/philip/rust-programming/design_patterns/low-level-designs/flight_booking_service/src/main/java/com/example/flight_booking_service/models/Airport.java[0m
2023.02.27 19:44:59 WARN  no build target for: /home/philip/rust-programming/design_patterns/low-level-designs/flight_booking_service/src/main/java/com/example/flight_booking_service/models/Airport.java[0m
2023.02.27 19:47:07 WARN  no build target for: /home/philip/rust-programming/design_patterns/low-level-designs/flight_booking_service/src/main/java/com/example/flight_booking_service/models/Airport.java[0m
2023.02.27 19:47:08 WARN  Running javac-semanticdb failed for file:///home/philip/rust-programming/design_patterns/low-level-designs/flight_booking_service/src/main/java/com/example/flight_booking_service/models/Airport.java. Output:
/home/philip/rust-programming/design_patterns/low-level-designs/flight_booking_service/src/main/java/com/example/flight_booking_service/models/Airport.java:4: error: ';' expected
    int id
          ^
1 error[0m
2023.02.27 19:47:08 WARN  no build target for: /home/philip/rust-programming/design_patterns/low-level-designs/flight_booking_service/src/main/java/com/example/flight_booking_service/models/Airport.java[0m
2023.02.27 19:47:09 WARN  Running javac-semanticdb failed for file:///home/philip/rust-programming/design_patterns/low-level-designs/flight_booking_service/src/main/java/com/example/flight_booking_service/models/Airport.java. Output:
/home/philip/rust-programming/design_patterns/low-level-designs/flight_booking_service/src/main/java/com/example/flight_booking_service/models/Airport.java:4: error: <identifier> expected
    int 
       ^
1 error[0m
2023.02.27 19:47:10 WARN  no build target for: /home/philip/rust-programming/design_patterns/low-level-designs/flight_booking_service/src/main/java/com/example/flight_booking_service/models/Airport.java[0m
2023.02.27 19:47:11 WARN  Running javac-semanticdb failed for file:///home/philip/rust-programming/design_patterns/low-level-designs/flight_booking_service/src/main/java/com/example/flight_booking_service/models/Airport.java. Output:
/home/philip/rust-programming/design_patterns/low-level-designs/flight_booking_service/src/main/java/com/example/flight_booking_service/models/Airport.java:4: error: ';' expected
    int id
          ^
1 error[0m
2023.02.27 19:47:14 WARN  no build target for: /home/philip/rust-programming/design_patterns/low-level-designs/flight_booking_service/src/main/java/com/example/flight_booking_service/models/Airport.java[0m
2023.02.27 19:47:18 WARN  no build target for: /home/philip/rust-programming/design_patterns/low-level-designs/flight_booking_service/src/main/java/com/example/flight_booking_service/models/Airport.java[0m
2023.02.27 19:47:18 WARN  Running javac-semanticdb failed for file:///home/philip/rust-programming/design_patterns/low-level-designs/flight_booking_service/src/main/java/com/example/flight_booking_service/models/Airport.java. Output:
/home/philip/rust-programming/design_patterns/low-level-designs/flight_booking_service/src/main/java/com/example/flight_booking_service/models/Airport.java:5: error: <identifier> expected
    String 
          ^
1 error[0m
2023.02.27 19:47:20 WARN  no build target for: /home/philip/rust-programming/design_patterns/low-level-designs/flight_booking_service/src/main/java/com/example/flight_booking_service/models/Airport.java[0m
2023.02.27 19:47:27 WARN  no build target for: /home/philip/rust-programming/design_patterns/low-level-designs/flight_booking_service/src/main/java/com/example/flight_booking_service/models/Airport.java[0m
2023.02.27 19:47:36 WARN  no build target for: /home/philip/rust-programming/design_patterns/low-level-designs/flight_booking_service/src/main/java/com/example/flight_booking_service/models/Airline.java[0m
2023.02.27 19:47:36 WARN  Running javac-semanticdb failed for file:///home/philip/rust-programming/design_patterns/low-level-designs/flight_booking_service/src/main/java/com/example/flight_booking_service/models/Airline.java. Output:
/home/philip/rust-programming/design_patterns/low-level-designs/flight_booking_service/src/main/java/com/example/flight_booking_service/models/Airline.java:4: error: <identifier> expected
    int 
       ^
1 error[0m
2023.02.27 19:47:39 WARN  no build target for: /home/philip/rust-programming/design_patterns/low-level-designs/flight_booking_service/src/main/java/com/example/flight_booking_service/models/Airline.java[0m
2023.02.27 19:47:39 WARN  Running javac-semanticdb failed for file:///home/philip/rust-programming/design_patterns/low-level-designs/flight_booking_service/src/main/java/com/example/flight_booking_service/models/Airline.java. Output:
/home/philip/rust-programming/design_patterns/low-level-designs/flight_booking_service/src/main/java/com/example/flight_booking_service/models/Airline.java:4: error: ';' expected
    int airLine
               ^
1 error[0m
2023.02.27 19:47:41 WARN  no build target for: /home/philip/rust-programming/design_patterns/low-level-designs/flight_booking_service/src/main/java/com/example/flight_booking_service/models/Airline.java[0m
2023.02.27 19:47:41 WARN  Running javac-semanticdb failed for file:///home/philip/rust-programming/design_patterns/low-level-designs/flight_booking_service/src/main/java/com/example/flight_booking_service/models/Airline.java. Output:
/home/philip/rust-programming/design_patterns/low-level-designs/flight_booking_service/src/main/java/com/example/flight_booking_service/models/Airline.java:4: error: ';' expected
    int ai
          ^
1 error[0m
2023.02.27 19:47:48 WARN  no build target for: /home/philip/rust-programming/design_patterns/low-level-designs/flight_booking_service/src/main/java/com/example/flight_booking_service/models/Airline.java[0m
2023.02.27 19:47:49 WARN  Running javac-semanticdb failed for file:///home/philip/rust-programming/design_patterns/low-level-designs/flight_booking_service/src/main/java/com/example/flight_booking_service/models/Airline.java. Output:
/home/philip/rust-programming/design_patterns/low-level-designs/flight_booking_service/src/main/java/com/example/flight_booking_service/models/Airline.java:5: error: ';' expected
    String airlineName
                      ^
1 error[0m
2023.02.27 19:47:49 WARN  no build target for: /home/philip/rust-programming/design_patterns/low-level-designs/flight_booking_service/src/main/java/com/example/flight_booking_service/models/Airline.java[0m
2023.02.27 19:47:54 WARN  no build target for: /home/philip/rust-programming/design_patterns/low-level-designs/flight_booking_service/src/main/java/com/example/flight_booking_service/models/Airline.java[0m
2023.02.27 19:47:58 WARN  no build target for: /home/philip/rust-programming/design_patterns/low-level-designs/flight_booking_service/src/main/java/com/example/flight_booking_service/models/Airline.java[0m
2023.02.27 19:48:06 WARN  no build target for: /home/philip/rust-programming/design_patterns/low-level-designs/flight_booking_service/src/main/java/com/example/flight_booking_service/models/Airline.java[0m
2023.02.27 19:48:07 WARN  no build target for: /home/philip/rust-programming/design_patterns/low-level-designs/flight_booking_service/src/main/java/com/example/flight_booking_service/models/Airline.java[0m
2023.02.27 19:48:09 WARN  no build target for: /home/philip/rust-programming/design_patterns/low-level-designs/flight_booking_service/src/main/java/com/example/flight_booking_service/models/Airline.java[0m
2023.02.27 19:48:16 WARN  no build target for: /home/philip/rust-programming/design_patterns/low-level-designs/flight_booking_service/src/main/java/com/example/flight_booking_service/models/Flight.java[0m
2023.02.27 19:48:30 WARN  no build target for: /home/philip/rust-programming/design_patterns/low-level-designs/flight_booking_service/src/main/java/com/example/flight_booking_service/models/Airline.java[0m
2023.02.27 19:51:21 WARN  no build target for: /home/philip/rust-programming/design_patterns/low-level-designs/flight_booking_service/src/main/java/com/example/flight_booking_service/models/Airline.java[0m
2023.02.27 19:51:22 INFO  time: code lens generation in 1.05s[0m
2023.02.27 19:52:52 WARN  no build target for: /home/philip/rust-programming/design_patterns/low-level-designs/flight_booking_service/src/main/java/com/example/flight_booking_service/models/Flight.java[0m
2023.02.27 19:52:52 WARN  no build target for: /home/philip/rust-programming/design_patterns/low-level-designs/flight_booking_service/src/main/java/com/example/flight_booking_service/models/Flight.java[0m
2023.02.27 19:52:53 WARN  no build target for: /home/philip/rust-programming/design_patterns/low-level-designs/flight_booking_service/src/main/java/com/example/flight_booking_service/models/Flight.java[0m
2023.02.27 19:52:53 WARN  no build target for: /home/philip/rust-programming/design_patterns/low-level-designs/flight_booking_service/src/main/java/com/example/flight_booking_service/models/Flight.java[0m
2023.02.27 19:52:52 WARN  no build target for: /home/philip/rust-programming/design_patterns/low-level-designs/flight_booking_service/src/main/java/com/example/flight_booking_service/models/Flight.java[0m
Feb 27, 2023 7:52:53 PM org.eclipse.lsp4j.jsonrpc.RemoteEndpoint handleCancellation
WARNING: Unmatched cancel notification for request id 1266
2023.02.27 19:52:52 WARN  no build target for: /home/philip/rust-programming/design_patterns/low-level-designs/flight_booking_service/src/main/java/com/example/flight_booking_service/models/Flight.java[0m
2023.02.27 19:52:54 WARN  no build target for: /home/philip/rust-programming/design_patterns/low-level-designs/flight_booking_service/src/main/java/com/example/flight_booking_service/models/Flight.java[0m
2023.02.27 19:52:55 WARN  no build target for: /home/philip/rust-programming/design_patterns/low-level-designs/flight_booking_service/src/main/java/com/example/flight_booking_service/models/Flight.java[0m
2023.02.27 19:52:55 WARN  no build target for: /home/philip/rust-programming/design_patterns/low-level-designs/flight_booking_service/src/main/java/com/example/flight_booking_service/models/Flight.java[0m
2023.02.27 19:52:54 WARN  no build target for: /home/philip/rust-programming/design_patterns/low-level-designs/flight_booking_service/src/main/java/com/example/flight_booking_service/models/Flight.java[0m
2023.02.27 19:52:55 WARN  no build target for: /home/philip/rust-programming/design_patterns/low-level-designs/flight_booking_service/src/main/java/com/example/flight_booking_service/models/Flight.java[0m
2023.02.27 19:52:56 WARN  no build target for: /home/philip/rust-programming/design_patterns/low-level-designs/flight_booking_service/src/main/java/com/example/flight_booking_service/models/Flight.java[0m
2023.02.27 19:52:58 WARN  no build target for: /home/philip/rust-programming/design_patterns/low-level-designs/flight_booking_service/src/main/java/com/example/flight_booking_service/models/Flight.java[0m
2023.02.27 19:53:03 WARN  no build target for: /home/philip/rust-programming/design_patterns/low-level-designs/flight_booking_service/src/main/java/com/example/flight_booking_service/models/Flight.java[0m
2023.02.27 19:53:13 WARN  no build target for: /home/philip/rust-programming/design_patterns/low-level-designs/flight_booking_service/src/main/java/com/example/flight_booking_service/models/Flight.java[0m
2023.02.27 19:53:25 WARN  no build target for: /home/philip/rust-programming/design_patterns/low-level-designs/flight_booking_service/src/main/java/com/example/flight_booking_service/models/Flight.java[0m
2023.02.27 19:53:39 WARN  no build target for: /home/philip/rust-programming/design_patterns/low-level-designs/flight_booking_service/src/main/java/com/example/flight_booking_service/models/Flight.java[0m
2023.02.27 19:53:47 WARN  no build target for: /home/philip/rust-programming/design_patterns/low-level-designs/flight_booking_service/src/main/java/com/example/flight_booking_service/models/Flight.java[0m
2023.02.27 19:54:04 WARN  no build target for: /home/philip/rust-programming/design_patterns/low-level-designs/flight_booking_service/src/main/java/com/example/flight_booking_service/models/Flight.java[0m
2023.02.27 19:54:09 WARN  no build target for: /home/philip/rust-programming/design_patterns/low-level-designs/flight_booking_service/src/main/java/com/example/flight_booking_service/models/Flight.java[0m
2023.02.27 19:54:21 WARN  no build target for: /home/philip/rust-programming/design_patterns/low-level-designs/flight_booking_service/src/main/java/com/example/flight_booking_service/models/Flight.java[0m
Feb 27, 2023 7:54:29 PM org.eclipse.lsp4j.jsonrpc.RemoteEndpoint handleCancellation
WARNING: Unmatched cancel notification for request id 1527
2023.02.27 19:54:42 WARN  no build target for: /home/philip/rust-programming/design_patterns/low-level-designs/flight_booking_service/src/main/java/com/example/flight_booking_service/models/Flight.java[0m
2023.02.27 19:54:44 WARN  no build target for: /home/philip/rust-programming/design_patterns/low-level-designs/flight_booking_service/src/main/java/com/example/flight_booking_service/models/Flight.java[0m
2023.02.27 19:54:54 WARN  no build target for: /home/philip/rust-programming/design_patterns/low-level-designs/flight_booking_service/src/main/java/com/example/flight_booking_service/models/Flight.java[0m
2023.02.27 19:55:11 WARN  no build target for: /home/philip/rust-programming/design_patterns/low-level-designs/flight_booking_service/src/main/java/com/example/flight_booking_service/models/Flight.java[0m
2023.02.27 19:58:04 WARN  no build target for: /home/philip/rust-programming/design_patterns/low-level-designs/flight_booking_service/src/main/java/com/example/flight_booking_service/service/FlightService.java[0m
2023.02.27 19:58:05 WARN  no build target for: /home/philip/rust-programming/design_patterns/low-level-designs/flight_booking_service/src/main/java/com/example/flight_booking_service/service/FlightService.java[0m
2023.02.27 19:58:13 WARN  no build target for: /home/philip/rust-programming/design_patterns/low-level-designs/flight_booking_service/src/main/java/com/example/flight_booking_service/service/FlightService.java[0m
2023.02.27 19:58:34 WARN  no build target for: /home/philip/rust-programming/design_patterns/low-level-designs/flight_booking_service/src/main/java/com/example/flight_booking_service/persistent/FlightStore.java[0m
2023.02.27 19:58:35 WARN  no build target for: /home/philip/rust-programming/design_patterns/low-level-designs/flight_booking_service/src/main/java/com/example/flight_booking_service/persistent/FlightStore.java[0m
2023.02.27 19:58:39 WARN  no build target for: /home/philip/rust-programming/design_patterns/low-level-designs/flight_booking_service/src/main/java/com/example/flight_booking_service/persistent/FlightStore.java[0m
2023.02.27 19:58:43 WARN  no build target for: /home/philip/rust-programming/design_patterns/low-level-designs/flight_booking_service/src/main/java/com/example/flight_booking_service/persistent/FlightStore.java[0m
2023.02.27 19:58:43 WARN  Running javac-semanticdb failed for file:///home/philip/rust-programming/design_patterns/low-level-designs/flight_booking_service/src/main/java/com/example/flight_booking_service/persistent/FlightStore.java. Output:
/home/philip/rust-programming/design_patterns/low-level-designs/flight_booking_service/src/main/java/com/example/flight_booking_service/persistent/FlightStore.java:5: error: illegal start of type
}
^
1 error[0m
2023.02.27 19:58:44 WARN  no build target for: /home/philip/rust-programming/design_patterns/low-level-designs/flight_booking_service/src/main/java/com/example/flight_booking_service/persistent/FlightStore.java[0m
2023.02.27 19:58:45 WARN  Running javac-semanticdb failed for file:///home/philip/rust-programming/design_patterns/low-level-designs/flight_booking_service/src/main/java/com/example/flight_booking_service/persistent/FlightStore.java. Output:
/home/philip/rust-programming/design_patterns/low-level-designs/flight_booking_service/src/main/java/com/example/flight_booking_service/persistent/FlightStore.java:5: error: illegal start of type
}
^
1 error[0m
2023.02.27 19:58:51 WARN  no build target for: /home/philip/rust-programming/design_patterns/low-level-designs/flight_booking_service/src/main/java/com/example/flight_booking_service/persistent/FlightStore.java[0m
Feb 27, 2023 7:58:52 PM org.eclipse.lsp4j.jsonrpc.RemoteEndpoint handleCancellation
WARNING: Unmatched cancel notification for request id 1770
2023.02.27 19:58:54 WARN  no build target for: /home/philip/rust-programming/design_patterns/low-level-designs/flight_booking_service/src/main/java/com/example/flight_booking_service/persistent/FlightStore.java[0m
2023.02.27 19:58:54 WARN  Running javac-semanticdb failed for file:///home/philip/rust-programming/design_patterns/low-level-designs/flight_booking_service/src/main/java/com/example/flight_booking_service/persistent/FlightStore.java. Output:
/home/philip/rust-programming/design_patterns/low-level-designs/flight_booking_service/src/main/java/com/example/flight_booking_service/persistent/FlightStore.java:4: error: illegal start of expression
    public Map<int, Flight> flights = ;
                                      ^
1 error[0m
2023.02.27 19:58:57 WARN  Cannot tokenize Java file file:///home/philip/rust-programming/design_patterns/low-level-designs/flight_booking_service/src/main/java/com/example/flight_booking_service/persistent/FlightStore.javaorg.eclipse.jdt.core.compiler.InvalidInputException: Invalid_Character_Constant
	at org.eclipse.jdt.internal.core.util.PublicScanner.getNextToken(PublicScanner.java:1442)
	at scala.meta.internal.parsing.JavaTokens$.loop$1(JavaTokens.scala:71)
	at scala.meta.internal.parsing.JavaTokens$.$anonfun$tokenize$1(JavaTokens.scala:75)
	at scala.util.Try$.apply(Try.scala:210)
	at scala.meta.internal.parsing.JavaTokens$.tokenize(JavaTokens.scala:35)
	at scala.meta.internal.parsing.TokenEditDistance$.apply(TokenEditDistance.scala:370)
	at scala.meta.internal.metals.Diagnostics.publishDiagnostics(Diagnostics.scala:226)
	at scala.meta.internal.metals.Diagnostics.publishDiagnostics(Diagnostics.scala:188)
	at scala.meta.internal.metals.Diagnostics.didChange(Diagnostics.scala:136)
	at scala.meta.internal.metals.MetalsLanguageServer.didChange(MetalsLanguageServer.scala:1275)
	at jdk.internal.reflect.GeneratedMethodAccessor3.invoke(null)
	at jdk.internal.reflect.DelegatingMethodAccessorImpl.invoke(DelegatingMethodAccessorImpl.java:43)
	at java.lang.reflect.Method.invoke(Method.java:566)
	at org.eclipse.lsp4j.jsonrpc.services.GenericEndpoint.lambda$null$0(GenericEndpoint.java:65)
	at org.eclipse.lsp4j.jsonrpc.services.GenericEndpoint.notify(GenericEndpoint.java:152)
	at org.eclipse.lsp4j.jsonrpc.RemoteEndpoint.handleNotification(RemoteEndpoint.java:220)
	at org.eclipse.lsp4j.jsonrpc.RemoteEndpoint.consume(RemoteEndpoint.java:187)
	at org.eclipse.lsp4j.jsonrpc.json.StreamMessageProducer.handleMessage(StreamMessageProducer.java:194)
	at org.eclipse.lsp4j.jsonrpc.json.StreamMessageProducer.listen(StreamMessageProducer.java:94)
	at org.eclipse.lsp4j.jsonrpc.json.ConcurrentMessageProcessor.run(ConcurrentMessageProcessor.java:113)
	at java.util.concurrent.Executors$RunnableAdapter.call(Executors.java:515)
	at java.util.concurrent.FutureTask.run(FutureTask.java:264)
	at java.util.concurrent.ThreadPoolExecutor.runWorker(ThreadPoolExecutor.java:1128)
	at java.util.concurrent.ThreadPoolExecutor$Worker.run(ThreadPoolExecutor.java:628)
	at java.lang.Thread.run(Thread.java:829)
[0m
Feb 27, 2023 7:58:57 PM org.eclipse.lsp4j.jsonrpc.RemoteEndpoint fallbackResponseError
SEVERE: Internal error: org.eclipse.jdt.core.compiler.InvalidInputException: Invalid_Character_Constant
java.util.concurrent.CompletionException: org.eclipse.jdt.core.compiler.InvalidInputException: Invalid_Character_Constant
	at java.base/java.util.concurrent.CompletableFuture.encodeThrowable(CompletableFuture.java:331)
	at java.base/java.util.concurrent.CompletableFuture.completeThrowable(CompletableFuture.java:346)
	at java.base/java.util.concurrent.CompletableFuture$UniAccept.tryFire(CompletableFuture.java:704)
	at java.base/java.util.concurrent.CompletableFuture.postComplete(CompletableFuture.java:506)
	at java.base/java.util.concurrent.CompletableFuture.completeExceptionally(CompletableFuture.java:2088)
	at scala.meta.internal.metals.CancelTokens$.$anonfun$future$1(CancelTokens.scala:40)
	at scala.meta.internal.metals.CancelTokens$.$anonfun$future$1$adapted(CancelTokens.scala:38)
	at scala.concurrent.impl.Promise$Transformation.run(Promise.scala:484)
	at java.base/java.util.concurrent.ThreadPoolExecutor.runWorker(ThreadPoolExecutor.java:1128)
	at java.base/java.util.concurrent.ThreadPoolExecutor$Worker.run(ThreadPoolExecutor.java:628)
	at java.base/java.lang.Thread.run(Thread.java:829)
Caused by: org.eclipse.jdt.core.compiler.InvalidInputException: Invalid_Character_Constant
	at org.eclipse.jdt.internal.core.util.PublicScanner.getNextToken(PublicScanner.java:1442)
	at scala.meta.internal.parsing.JavaFoldingRangeExtractor.next$1(JavaFoldingRangeExtractor.scala:100)
	at scala.meta.internal.parsing.JavaFoldingRangeExtractor.gather$1(JavaFoldingRangeExtractor.scala:147)
	at scala.meta.internal.parsing.JavaFoldingRangeExtractor.extract(JavaFoldingRangeExtractor.scala:155)
	at scala.meta.internal.parsing.FoldingRangeProvider.$anonfun$getRangedForJava$2(FoldingRangeProvider.scala:54)
	at scala.Option$WithFilter.map(Option.scala:242)
	at scala.meta.internal.parsing.FoldingRangeProvider.getRangedForJava(FoldingRangeProvider.scala:49)
	at scala.meta.internal.metals.MetalsLanguageServer.$anonfun$foldingRange$3(MetalsLanguageServer.scala:1809)
	at scala.concurrent.Future$.$anonfun$apply$1(Future.scala:678)
	at scala.concurrent.impl.Promise$Transformation.run(Promise.scala:467)
	... 3 more

2023.02.27 19:58:57 WARN  Cannot tokenize Java file file:///home/philip/rust-programming/design_patterns/low-level-designs/flight_booking_service/src/main/java/com/example/flight_booking_service/persistent/FlightStore.javaorg.eclipse.jdt.core.compiler.InvalidInputException: Invalid_Character_Constant
	at org.eclipse.jdt.internal.core.util.PublicScanner.getNextToken(PublicScanner.java:1442)
	at scala.meta.internal.parsing.JavaTokens$.loop$1(JavaTokens.scala:71)
	at scala.meta.internal.parsing.JavaTokens$.$anonfun$tokenize$1(JavaTokens.scala:75)
	at scala.util.Try$.apply(Try.scala:210)
	at scala.meta.internal.parsing.JavaTokens$.tokenize(JavaTokens.scala:35)
	at scala.meta.internal.parsing.TokenEditDistance$.apply(TokenEditDistance.scala:370)
	at scala.meta.internal.metals.Buffers.tokenEditDistance(Buffers.scala:30)
	at scala.meta.internal.metals.codelenses.RunTestCodeLens.codeLenses(RunTestCodeLens.scala:60)
	at scala.meta.internal.metals.CodeLensProvider.$anonfun$findLenses$3(CodeLensProvider.scala:26)
	at scala.collection.immutable.List.flatMap(List.scala:293)
	at scala.meta.internal.metals.CodeLensProvider.$anonfun$findLenses$2(CodeLensProvider.scala:26)
	at scala.Option.map(Option.scala:242)
	at scala.meta.internal.metals.CodeLensProvider.findLenses(CodeLensProvider.scala:24)
	at scala.meta.internal.metals.MetalsLanguageServer.$anonfun$codeLens$2(MetalsLanguageServer.scala:1793)
	at scala.meta.internal.metals.TimerProvider.timedThunk(TimerProvider.scala:25)
	at scala.meta.internal.metals.MetalsLanguageServer.$anonfun$codeLens$1(MetalsLanguageServer.scala:1791)
	at scala.meta.internal.metals.CancelTokens$.$anonfun$apply$2(CancelTokens.scala:26)
	at scala.concurrent.Future$.$anonfun$apply$1(Future.scala:678)
	at scala.concurrent.impl.Promise$Transformation.run(Promise.scala:467)
	at java.util.concurrent.ThreadPoolExecutor.runWorker(ThreadPoolExecutor.java:1128)
	at java.util.concurrent.ThreadPoolExecutor$Worker.run(ThreadPoolExecutor.java:628)
	at java.lang.Thread.run(Thread.java:829)
[0m
2023.02.27 19:58:57 WARN  Cannot tokenize Java file file:///home/philip/rust-programming/design_patterns/low-level-designs/flight_booking_service/src/main/java/com/example/flight_booking_service/persistent/FlightStore.javaorg.eclipse.jdt.core.compiler.InvalidInputException: Invalid_Character_Constant
	at org.eclipse.jdt.internal.core.util.PublicScanner.getNextToken(PublicScanner.java:1442)
	at scala.meta.internal.parsing.JavaTokens$.loop$1(JavaTokens.scala:71)
	at scala.meta.internal.parsing.JavaTokens$.$anonfun$tokenize$1(JavaTokens.scala:75)
	at scala.util.Try$.apply(Try.scala:210)
	at scala.meta.internal.parsing.JavaTokens$.tokenize(JavaTokens.scala:35)
	at scala.meta.internal.parsing.TokenEditDistance$.apply(TokenEditDistance.scala:370)
	at scala.meta.internal.metals.Buffers.tokenEditDistance(Buffers.scala:30)
	at scala.meta.internal.metals.codelenses.SuperMethodCodeLens.codeLenses(SuperMethodCodeLens.scala:36)
	at scala.meta.internal.metals.CodeLensProvider.$anonfun$findLenses$3(CodeLensProvider.scala:26)
	at scala.collection.immutable.List.flatMap(List.scala:293)
	at scala.meta.internal.metals.CodeLensProvider.$anonfun$findLenses$2(CodeLensProvider.scala:26)
	at scala.Option.map(Option.scala:242)
	at scala.meta.internal.metals.CodeLensProvider.findLenses(CodeLensProvider.scala:24)
	at scala.meta.internal.metals.MetalsLanguageServer.$anonfun$codeLens$2(MetalsLanguageServer.scala:1793)
	at scala.meta.internal.metals.TimerProvider.timedThunk(TimerProvider.scala:25)
	at scala.meta.internal.metals.MetalsLanguageServer.$anonfun$codeLens$1(MetalsLanguageServer.scala:1791)
	at scala.meta.internal.metals.CancelTokens$.$anonfun$apply$2(CancelTokens.scala:26)
	at scala.concurrent.Future$.$anonfun$apply$1(Future.scala:678)
	at scala.concurrent.impl.Promise$Transformation.run(Promise.scala:467)
	at java.util.concurrent.ThreadPoolExecutor.runWorker(ThreadPoolExecutor.java:1128)
	at java.util.concurrent.ThreadPoolExecutor$Worker.run(ThreadPoolExecutor.java:628)
	at java.lang.Thread.run(Thread.java:829)
[0m
2023.02.27 19:58:58 WARN  no build target for: /home/philip/rust-programming/design_patterns/low-level-designs/flight_booking_service/src/main/java/com/example/flight_booking_service/persistent/FlightStore.java[0m
2023.02.27 19:58:59 WARN  Running javac-semanticdb failed for file:///home/philip/rust-programming/design_patterns/low-level-designs/flight_booking_service/src/main/java/com/example/flight_booking_service/persistent/FlightStore.java. Output:
/home/philip/rust-programming/design_patterns/low-level-designs/flight_booking_service/src/main/java/com/example/flight_booking_service/persistent/FlightStore.java:4: error: empty character literal
    public Map<int, Flight> flights = new HashMap<>();'';
                                                      ^
/home/philip/rust-programming/design_patterns/low-level-designs/flight_booking_service/src/main/java/com/example/flight_booking_service/persistent/FlightStore.java:5: error: illegal start of type
}
^
2 errors[0m
2023.02.27 19:58:59 WARN  Cannot tokenize Java file file:///home/philip/rust-programming/design_patterns/low-level-designs/flight_booking_service/src/main/java/com/example/flight_booking_service/persistent/FlightStore.javaorg.eclipse.jdt.core.compiler.InvalidInputException: Invalid_Character_Constant
	at org.eclipse.jdt.internal.core.util.PublicScanner.getNextToken(PublicScanner.java:1442)
	at scala.meta.internal.parsing.JavaTokens$.loop$1(JavaTokens.scala:71)
	at scala.meta.internal.parsing.JavaTokens$.$anonfun$tokenize$1(JavaTokens.scala:75)
	at scala.util.Try$.apply(Try.scala:210)
	at scala.meta.internal.parsing.JavaTokens$.tokenize(JavaTokens.scala:35)
	at scala.meta.internal.parsing.TokenEditDistance$.$anonfun$apply$1(TokenEditDistance.scala:371)
	at scala.Option.flatMap(Option.scala:283)
	at scala.meta.internal.parsing.TokenEditDistance$.apply(TokenEditDistance.scala:370)
	at scala.meta.internal.metals.Buffers.tokenEditDistance(Buffers.scala:30)
	at scala.meta.internal.metals.codelenses.RunTestCodeLens.codeLenses(RunTestCodeLens.scala:60)
	at scala.meta.internal.metals.CodeLensProvider.$anonfun$findLenses$3(CodeLensProvider.scala:26)
	at scala.collection.immutable.List.flatMap(List.scala:293)
	at scala.meta.internal.metals.CodeLensProvider.$anonfun$findLenses$2(CodeLensProvider.scala:26)
	at scala.Option.map(Option.scala:242)
	at scala.meta.internal.metals.CodeLensProvider.findLenses(CodeLensProvider.scala:24)
	at scala.meta.internal.metals.MetalsLanguageServer.$anonfun$codeLens$2(MetalsLanguageServer.scala:1793)
	at scala.meta.internal.metals.TimerProvider.timedThunk(TimerProvider.scala:25)
	at scala.meta.internal.metals.MetalsLanguageServer.$anonfun$codeLens$1(MetalsLanguageServer.scala:1791)
	at scala.meta.internal.metals.CancelTokens$.$anonfun$apply$2(CancelTokens.scala:26)
	at scala.concurrent.Future$.$anonfun$apply$1(Future.scala:678)
	at scala.concurrent.impl.Promise$Transformation.run(Promise.scala:467)
	at java.util.concurrent.ThreadPoolExecutor.runWorker(ThreadPoolExecutor.java:1128)
	at java.util.concurrent.ThreadPoolExecutor$Worker.run(ThreadPoolExecutor.java:628)
	at java.lang.Thread.run(Thread.java:829)
[0m
2023.02.27 19:58:59 WARN  Cannot tokenize Java file file:///home/philip/rust-programming/design_patterns/low-level-designs/flight_booking_service/src/main/java/com/example/flight_booking_service/persistent/FlightStore.javaorg.eclipse.jdt.core.compiler.InvalidInputException: Invalid_Character_Constant
	at org.eclipse.jdt.internal.core.util.PublicScanner.getNextToken(PublicScanner.java:1442)
	at scala.meta.internal.parsing.JavaTokens$.loop$1(JavaTokens.scala:71)
	at scala.meta.internal.parsing.JavaTokens$.$anonfun$tokenize$1(JavaTokens.scala:75)
	at scala.util.Try$.apply(Try.scala:210)
	at scala.meta.internal.parsing.JavaTokens$.tokenize(JavaTokens.scala:35)
	at scala.meta.internal.parsing.TokenEditDistance$.$anonfun$apply$1(TokenEditDistance.scala:371)
	at scala.Option.flatMap(Option.scala:283)
	at scala.meta.internal.parsing.TokenEditDistance$.apply(TokenEditDistance.scala:370)
	at scala.meta.internal.metals.Buffers.tokenEditDistance(Buffers.scala:30)
	at scala.meta.internal.metals.DefinitionProvider.positionOccurrenceQuery(DefinitionProvider.scala:169)
	at scala.meta.internal.metals.DefinitionProvider.positionOccurrence(DefinitionProvider.scala:198)
	at scala.meta.internal.metals.JavaDocumentHighlightProvider.$anonfun$documentHighlight$1(JavaDocumentHighlightProvider.scala:26)
	at scala.collection.immutable.List.map(List.scala:246)
	at scala.meta.internal.metals.JavaDocumentHighlightProvider.documentHighlight(JavaDocumentHighlightProvider.scala:22)
	at scala.meta.internal.metals.MetalsLanguageServer.$anonfun$documentHighlights$1(MetalsLanguageServer.scala:1577)
	at scala.meta.internal.metals.CancelTokens$.$anonfun$apply$2(CancelTokens.scala:26)
	at scala.concurrent.Future$.$anonfun$apply$1(Future.scala:678)
	at scala.concurrent.impl.Promise$Transformation.run(Promise.scala:467)
	at java.util.concurrent.ThreadPoolExecutor.runWorker(ThreadPoolExecutor.java:1128)
	at java.util.concurrent.ThreadPoolExecutor$Worker.run(ThreadPoolExecutor.java:628)
	at java.lang.Thread.run(Thread.java:829)
[0m
2023.02.27 19:58:59 WARN  Cannot tokenize Java file file:///home/philip/rust-programming/design_patterns/low-level-designs/flight_booking_service/src/main/java/com/example/flight_booking_service/persistent/FlightStore.javaorg.eclipse.jdt.core.compiler.InvalidInputException: Invalid_Character_Constant
	at org.eclipse.jdt.internal.core.util.PublicScanner.getNextToken(PublicScanner.java:1442)
	at scala.meta.internal.parsing.JavaTokens$.loop$1(JavaTokens.scala:71)
	at scala.meta.internal.parsing.JavaTokens$.$anonfun$tokenize$1(JavaTokens.scala:75)
	at scala.util.Try$.apply(Try.scala:210)
	at scala.meta.internal.parsing.JavaTokens$.tokenize(JavaTokens.scala:35)
	at scala.meta.internal.parsing.TokenEditDistance$.$anonfun$apply$1(TokenEditDistance.scala:371)
	at scala.Option.flatMap(Option.scala:283)
	at scala.meta.internal.parsing.TokenEditDistance$.apply(TokenEditDistance.scala:370)
	at scala.meta.internal.metals.Buffers.tokenEditDistance(Buffers.scala:30)
	at scala.meta.internal.metals.codelenses.SuperMethodCodeLens.codeLenses(SuperMethodCodeLens.scala:36)
	at scala.meta.internal.metals.CodeLensProvider.$anonfun$findLenses$3(CodeLensProvider.scala:26)
	at scala.collection.immutable.List.flatMap(List.scala:293)
	at scala.meta.internal.metals.CodeLensProvider.$anonfun$findLenses$2(CodeLensProvider.scala:26)
	at scala.Option.map(Option.scala:242)
	at scala.meta.internal.metals.CodeLensProvider.findLenses(CodeLensProvider.scala:24)
	at scala.meta.internal.metals.MetalsLanguageServer.$anonfun$codeLens$2(MetalsLanguageServer.scala:1793)
	at scala.meta.internal.metals.TimerProvider.timedThunk(TimerProvider.scala:25)
	at scala.meta.internal.metals.MetalsLanguageServer.$anonfun$codeLens$1(MetalsLanguageServer.scala:1791)
	at scala.meta.internal.metals.CancelTokens$.$anonfun$apply$2(CancelTokens.scala:26)
	at scala.concurrent.Future$.$anonfun$apply$1(Future.scala:678)
	at scala.concurrent.impl.Promise$Transformation.run(Promise.scala:467)
	at java.util.concurrent.ThreadPoolExecutor.runWorker(ThreadPoolExecutor.java:1128)
	at java.util.concurrent.ThreadPoolExecutor$Worker.run(ThreadPoolExecutor.java:628)
	at java.lang.Thread.run(Thread.java:829)
[0m
2023.02.27 19:58:59 WARN  no build target for: /home/philip/rust-programming/design_patterns/low-level-designs/flight_booking_service/src/main/java/com/example/flight_booking_service/persistent/FlightStore.java[0m
2023.02.27 19:59:01 WARN  no build target for: /home/philip/rust-programming/design_patterns/low-level-designs/flight_booking_service/src/main/java/com/example/flight_booking_service/persistent/FlightStore.java[0m
2023.02.27 19:59:06 WARN  no build target for: /home/philip/rust-programming/design_patterns/low-level-designs/flight_booking_service/src/main/java/com/example/flight_booking_service/persistent/FlightStore.java[0m
2023.02.27 19:59:10 WARN  no build target for: /home/philip/rust-programming/design_patterns/low-level-designs/flight_booking_service/src/main/java/com/example/flight_booking_service/persistent/FlightStore.java[0m
2023.02.27 19:59:20 WARN  no build target for: /home/philip/rust-programming/design_patterns/low-level-designs/flight_booking_service/src/main/java/com/example/flight_booking_service/persistent/FlightStore.java[0m
2023.02.27 19:59:25 WARN  no build target for: /home/philip/rust-programming/design_patterns/low-level-designs/flight_booking_service/src/main/java/com/example/flight_booking_service/persistent/FlightStore.java[0m
2023.02.27 19:59:26 INFO  time: code lens generation in 1.09s[0m
2023.02.27 19:59:28 WARN  no build target for: /home/philip/rust-programming/design_patterns/low-level-designs/flight_booking_service/src/main/java/com/example/flight_booking_service/persistent/FlightStore.java[0m
2023.02.27 19:59:39 WARN  no build target for: /home/philip/rust-programming/design_patterns/low-level-designs/flight_booking_service/src/main/java/com/example/flight_booking_service/persistent/FlightStore.java[0m
2023.02.27 19:59:46 WARN  no build target for: /home/philip/rust-programming/design_patterns/low-level-designs/flight_booking_service/src/main/java/com/example/flight_booking_service/persistent/FlightStore.java[0m
2023.02.27 19:59:47 WARN  Running javac-semanticdb failed for file:///home/philip/rust-programming/design_patterns/low-level-designs/flight_booking_service/src/main/java/com/example/flight_booking_service/persistent/FlightStore.java. Output:
/home/philip/rust-programming/design_patterns/low-level-designs/flight_booking_service/src/main/java/com/example/flight_booking_service/persistent/FlightStore.java:11: error: illegal start of type
}
^
1 error[0m
2023.02.27 19:59:49 WARN  no build target for: /home/philip/rust-programming/design_patterns/low-level-designs/flight_booking_service/src/main/java/com/example/flight_booking_service/persistent/FlightStore.java[0m
2023.02.27 19:59:49 WARN  Running javac-semanticdb failed for file:///home/philip/rust-programming/design_patterns/low-level-designs/flight_booking_service/src/main/java/com/example/flight_booking_service/persistent/FlightStore.java. Output:
/home/philip/rust-programming/design_patterns/low-level-designs/flight_booking_service/src/main/java/com/example/flight_booking_service/persistent/FlightStore.java:10: error: <identifier> expected
    public void 
               ^
/home/philip/rust-programming/design_patterns/low-level-designs/flight_booking_service/src/main/java/com/example/flight_booking_service/persistent/FlightStore.java:11: error: '(' expected
}
^
2 errors[0m
2023.02.27 19:59:52 WARN  no build target for: /home/philip/rust-programming/design_patterns/low-level-designs/flight_booking_service/src/main/java/com/example/flight_booking_service/persistent/FlightStore.java[0m
2023.02.27 19:59:53 WARN  Running javac-semanticdb failed for file:///home/philip/rust-programming/design_patterns/low-level-designs/flight_booking_service/src/main/java/com/example/flight_booking_service/persistent/FlightStore.java. Output:
/home/philip/rust-programming/design_patterns/low-level-designs/flight_booking_service/src/main/java/com/example/flight_booking_service/persistent/FlightStore.java:11: error: '(' expected
}
^
1 error[0m
2023.02.27 19:59:55 WARN  no build target for: /home/philip/rust-programming/design_patterns/low-level-designs/flight_booking_service/src/main/java/com/example/flight_booking_service/persistent/FlightStore.java[0m
2023.02.27 19:59:56 WARN  Running javac-semanticdb failed for file:///home/philip/rust-programming/design_patterns/low-level-designs/flight_booking_service/src/main/java/com/example/flight_booking_service/persistent/FlightStore.java. Output:
/home/philip/rust-programming/design_patterns/low-level-designs/flight_booking_service/src/main/java/com/example/flight_booking_service/persistent/FlightStore.java:11: error: '(' expected
}
^
1 error[0m
2023.02.27 19:59:59 WARN  no build target for: /home/philip/rust-programming/design_patterns/low-level-designs/flight_booking_service/src/main/java/com/example/flight_booking_service/persistent/FlightStore.java[0m
2023.02.27 20:00:00 WARN  Running javac-semanticdb failed for file:///home/philip/rust-programming/design_patterns/low-level-designs/flight_booking_service/src/main/java/com/example/flight_booking_service/persistent/FlightStore.java. Output:
/home/philip/rust-programming/design_patterns/low-level-designs/flight_booking_service/src/main/java/com/example/flight_booking_service/persistent/FlightStore.java:10: error: ';' expected
    public void addFlight()
                           ^
1 error[0m
2023.02.27 20:00:02 WARN  no build target for: /home/philip/rust-programming/design_patterns/low-level-designs/flight_booking_service/src/main/java/com/example/flight_booking_service/persistent/FlightStore.java[0m
2023.02.27 20:00:04 WARN  Running javac-semanticdb failed for file:///home/philip/rust-programming/design_patterns/low-level-designs/flight_booking_service/src/main/java/com/example/flight_booking_service/persistent/FlightStore.java. Output:
/home/philip/rust-programming/design_patterns/low-level-designs/flight_booking_service/src/main/java/com/example/flight_booking_service/persistent/FlightStore.java:10: error: <identifier> expected
    public void addFlight(Flight )
                                ^
/home/philip/rust-programming/design_patterns/low-level-designs/flight_booking_service/src/main/java/com/example/flight_booking_service/persistent/FlightStore.java:10: error: ';' expected
    public void addFlight(Flight )
                                  ^
2 errors[0m
2023.02.27 20:00:05 WARN  no build target for: /home/philip/rust-programming/design_patterns/low-level-designs/flight_booking_service/src/main/java/com/example/flight_booking_service/persistent/FlightStore.java[0m
2023.02.27 20:00:06 WARN  Running javac-semanticdb failed for file:///home/philip/rust-programming/design_patterns/low-level-designs/flight_booking_service/src/main/java/com/example/flight_booking_service/persistent/FlightStore.java. Output:
/home/philip/rust-programming/design_patterns/low-level-designs/flight_booking_service/src/main/java/com/example/flight_booking_service/persistent/FlightStore.java:10: error: ';' expected
    public void addFlight(Flight newFlight) 
                                           ^
1 error[0m
2023.02.27 20:00:07 WARN  no build target for: /home/philip/rust-programming/design_patterns/low-level-designs/flight_booking_service/src/main/java/com/example/flight_booking_service/persistent/FlightStore.java[0m
2023.02.27 20:00:09 INFO  time: code lens generation in 1.84s[0m
2023.02.27 20:00:11 WARN  no build target for: /home/philip/rust-programming/design_patterns/low-level-designs/flight_booking_service/src/main/java/com/example/flight_booking_service/persistent/FlightStore.java[0m
2023.02.27 20:00:13 INFO  time: code lens generation in 1.8s[0m
Feb 27, 2023 8:00:13 PM org.eclipse.lsp4j.jsonrpc.RemoteEndpoint handleCancellation
WARNING: Unmatched cancel notification for request id 2007
Feb 27, 2023 8:00:13 PM org.eclipse.lsp4j.jsonrpc.RemoteEndpoint handleCancellation
WARNING: Unmatched cancel notification for request id 2008
Feb 27, 2023 8:00:13 PM org.eclipse.lsp4j.jsonrpc.RemoteEndpoint handleCancellation
WARNING: Unmatched cancel notification for request id 2011
Feb 27, 2023 8:00:13 PM org.eclipse.lsp4j.jsonrpc.RemoteEndpoint handleCancellation
WARNING: Unmatched cancel notification for request id 2012
Feb 27, 2023 8:00:13 PM org.eclipse.lsp4j.jsonrpc.RemoteEndpoint handleCancellation
WARNING: Unmatched cancel notification for request id 2006
2023.02.27 20:00:13 WARN  no build target for: /home/philip/rust-programming/design_patterns/low-level-designs/flight_booking_service/src/main/java/com/example/flight_booking_service/persistent/FlightStore.java[0m
2023.02.27 20:00:16 INFO  time: code lens generation in 1.7s[0m
2023.02.27 20:00:18 WARN  no build target for: /home/philip/rust-programming/design_patterns/low-level-designs/flight_booking_service/src/main/java/com/example/flight_booking_service/persistent/FlightStore.java[0m
2023.02.27 20:00:19 WARN  Running javac-semanticdb failed for file:///home/philip/rust-programming/design_patterns/low-level-designs/flight_booking_service/src/main/java/com/example/flight_booking_service/persistent/FlightStore.java. Output:
/home/philip/rust-programming/design_patterns/low-level-designs/flight_booking_service/src/main/java/com/example/flight_booking_service/persistent/FlightStore.java:12: error: <identifier> expected
        flights.
                ^
/home/philip/rust-programming/design_patterns/low-level-designs/flight_booking_service/src/main/java/com/example/flight_booking_service/persistent/FlightStore.java:12: error: not a statement
        flights.
               ^
2 errors[0m
2023.02.27 20:00:19 WARN  no build target for: /home/philip/rust-programming/design_patterns/low-level-designs/flight_booking_service/src/main/java/com/example/flight_booking_service/persistent/FlightStore.java[0m
2023.02.27 20:00:20 WARN  Running javac-semanticdb failed for file:///home/philip/rust-programming/design_patterns/low-level-designs/flight_booking_service/src/main/java/com/example/flight_booking_service/persistent/FlightStore.java. Output:
/home/philip/rust-programming/design_patterns/low-level-designs/flight_booking_service/src/main/java/com/example/flight_booking_service/persistent/FlightStore.java:12: error: not a statement
        flights.push
               ^
/home/philip/rust-programming/design_patterns/low-level-designs/flight_booking_service/src/main/java/com/example/flight_booking_service/persistent/FlightStore.java:12: error: ';' expected
        flights.push
                    ^
2 errors[0m
2023.02.27 20:00:22 WARN  no build target for: /home/philip/rust-programming/design_patterns/low-level-designs/flight_booking_service/src/main/java/com/example/flight_booking_service/persistent/FlightStore.java[0m
2023.02.27 20:00:23 WARN  Running javac-semanticdb failed for file:///home/philip/rust-programming/design_patterns/low-level-designs/flight_booking_service/src/main/java/com/example/flight_booking_service/persistent/FlightStore.java. Output:
/home/philip/rust-programming/design_patterns/low-level-designs/flight_booking_service/src/main/java/com/example/flight_booking_service/persistent/FlightStore.java:12: error: not a statement
        flights.a
               ^
/home/philip/rust-programming/design_patterns/low-level-designs/flight_booking_service/src/main/java/com/example/flight_booking_service/persistent/FlightStore.java:12: error: ';' expected
        flights.a
                 ^
2 errors[0m
2023.02.27 20:00:26 WARN  no build target for: /home/philip/rust-programming/design_patterns/low-level-designs/flight_booking_service/src/main/java/com/example/flight_booking_service/persistent/FlightStore.java[0m
2023.02.27 20:00:28 INFO  time: code lens generation in 1.59s[0m
2023.02.27 20:00:28 INFO  time: code lens generation in 1.29s[0m
2023.02.27 20:00:28 WARN  no build target for: /home/philip/rust-programming/design_patterns/low-level-designs/flight_booking_service/src/main/java/com/example/flight_booking_service/persistent/FlightStore.java[0m
2023.02.27 20:00:29 WARN  no build target for: /home/philip/rust-programming/design_patterns/low-level-designs/flight_booking_service/src/main/java/com/example/flight_booking_service/persistent/FlightStore.java[0m
2023.02.27 20:00:29 WARN  Running javac-semanticdb failed for file:///home/philip/rust-programming/design_patterns/low-level-designs/flight_booking_service/src/main/java/com/example/flight_booking_service/persistent/FlightStore.java. Output:
/home/philip/rust-programming/design_patterns/low-level-designs/flight_booking_service/src/main/java/com/example/flight_booking_service/persistent/FlightStore.java:12: error: not a statement
        flights.put;
               ^
1 error[0m
2023.02.27 20:00:31 INFO  time: code lens generation in 2.5s[0m
2023.02.27 20:00:31 INFO  time: code lens generation in 3.05s[0m
2023.02.27 20:00:31 INFO  time: code lens generation in 1.42s[0m
2023.02.27 20:00:32 WARN  no build target for: /home/philip/rust-programming/design_patterns/low-level-designs/flight_booking_service/src/main/java/com/example/flight_booking_service/persistent/FlightStore.java[0m
2023.02.27 20:00:33 WARN  Running javac-semanticdb failed for file:///home/philip/rust-programming/design_patterns/low-level-designs/flight_booking_service/src/main/java/com/example/flight_booking_service/persistent/FlightStore.java. Output:
/home/philip/rust-programming/design_patterns/low-level-designs/flight_booking_service/src/main/java/com/example/flight_booking_service/persistent/FlightStore.java:12: error: illegal start of expression
        flights.put(, newFlight);
                    ^
1 error[0m
2023.02.27 20:00:36 WARN  no build target for: /home/philip/rust-programming/design_patterns/low-level-designs/flight_booking_service/src/main/java/com/example/flight_booking_service/persistent/FlightStore.java[0m
2023.02.27 20:00:36 WARN  Running javac-semanticdb failed for file:///home/philip/rust-programming/design_patterns/low-level-designs/flight_booking_service/src/main/java/com/example/flight_booking_service/persistent/FlightStore.java. Output:
/home/philip/rust-programming/design_patterns/low-level-designs/flight_booking_service/src/main/java/com/example/flight_booking_service/persistent/FlightStore.java:12: error: <identifier> expected
        flights.put(newFlight., newFlight);
                              ^
1 error[0m
2023.02.27 20:00:38 WARN  no build target for: /home/philip/rust-programming/design_patterns/low-level-designs/flight_booking_service/src/main/java/com/example/flight_booking_service/persistent/FlightStore.java[0m
2023.02.27 20:00:39 WARN  no build target for: /home/philip/rust-programming/design_patterns/low-level-designs/flight_booking_service/src/main/java/com/example/flight_booking_service/persistent/FlightStore.java[0m
2023.02.27 20:00:41 WARN  no build target for: /home/philip/rust-programming/design_patterns/low-level-designs/flight_booking_service/src/main/java/com/example/flight_booking_service/persistent/FlightStore.java[0m
2023.02.27 20:00:42 INFO  time: code lens generation in 2.18s[0m
2023.02.27 20:00:43 WARN  Running javac-semanticdb failed for file:///home/philip/rust-programming/design_patterns/low-level-designs/flight_booking_service/src/main/java/com/example/flight_booking_service/persistent/FlightStore.java. Output:
/home/philip/rust-programming/design_patterns/low-level-designs/flight_booking_service/src/main/java/com/example/flight_booking_service/persistent/FlightStore.java:12: error: <identifier> expected
        flights.put(newFlight., newFlight);
                              ^
1 error[0m
2023.02.27 20:00:43 INFO  time: code lens generation in 4.37s[0m
2023.02.27 20:00:43 INFO  time: code lens generation in 1.29s[0m
2023.02.27 20:00:43 INFO  time: code lens generation in 2.26s[0m
2023.02.27 20:00:54 WARN  no build target for: /home/philip/rust-programming/design_patterns/low-level-designs/flight_booking_service/src/main/java/com/example/flight_booking_service/models/Flight.java[0m
2023.02.27 20:00:56 INFO  time: code lens generation in 1.27s[0m
2023.02.27 20:00:56 INFO  time: code lens generation in 2.02s[0m
2023.02.27 20:00:59 WARN  no build target for: /home/philip/rust-programming/design_patterns/low-level-designs/flight_booking_service/src/main/java/com/example/flight_booking_service/persistent/FlightStore.java[0m
2023.02.27 20:01:01 INFO  time: code lens generation in 1.1s[0m
2023.02.27 20:01:07 WARN  no build target for: /home/philip/rust-programming/design_patterns/low-level-designs/flight_booking_service/src/main/java/com/example/flight_booking_service/persistent/FlightStore.java[0m
2023.02.27 20:02:58 WARN  no build target for: /home/philip/rust-programming/design_patterns/low-level-designs/flight_booking_service/src/main/java/com/example/flight_booking_service/models/Payment.java[0m
2023.02.27 20:02:59 WARN  no build target for: /home/philip/rust-programming/design_patterns/low-level-designs/flight_booking_service/src/main/java/com/example/flight_booking_service/models/Payment.java[0m
2023.02.27 20:04:34 WARN  no build target for: /home/philip/rust-programming/design_patterns/low-level-designs/flight_booking_service/src/main/java/com/example/flight_booking_service/models/Booking.java[0m
2023.02.27 20:04:35 WARN  no build target for: /home/philip/rust-programming/design_patterns/low-level-designs/flight_booking_service/src/main/java/com/example/flight_booking_service/models/Booking.java[0m
2023.02.27 20:05:21 WARN  no build target for: /home/philip/rust-programming/design_patterns/low-level-designs/flight_booking_service/src/main/java/com/example/flight_booking_service/models/Booking.java[0m
Feb 27, 2023 8:05:27 PM org.eclipse.lsp4j.jsonrpc.RemoteEndpoint handleCancellation
WARNING: Unmatched cancel notification for request id 2236
2023.02.27 20:15:43 WARN  no build target for: /home/philip/rust-programming/design_patterns/low-level-designs/flight_booking_service/src/main/java/com/example/flight_booking_service/models/Booking.java[0m
2023.02.27 20:15:44 WARN  Running javac-semanticdb failed for file:///home/philip/rust-programming/design_patterns/low-level-designs/flight_booking_service/src/main/java/com/example/flight_booking_service/models/Booking.java. Output:
/home/philip/rust-programming/design_patterns/low-level-designs/flight_booking_service/src/main/java/com/example/flight_booking_service/models/Booking.java:4: error: <identifier> expected
    int 
       ^
1 error[0m
2023.02.27 20:15:47 WARN  no build target for: /home/philip/rust-programming/design_patterns/low-level-designs/flight_booking_service/src/main/java/com/example/flight_booking_service/models/Booking.java[0m
2023.02.27 20:15:51 WARN  no build target for: /home/philip/rust-programming/design_patterns/low-level-designs/flight_booking_service/src/main/java/com/example/flight_booking_service/models/Booking.java[0m
2023.02.27 20:15:53 WARN  no build target for: /home/philip/rust-programming/design_patterns/low-level-designs/flight_booking_service/src/main/java/com/example/flight_booking_service/models/Booking.java[0m
2023.02.27 20:15:57 WARN  no build target for: /home/philip/rust-programming/design_patterns/low-level-designs/flight_booking_service/src/main/java/com/example/flight_booking_service/models/Booking.java[0m
2023.02.27 20:16:06 WARN  no build target for: /home/philip/rust-programming/design_patterns/low-level-designs/flight_booking_service/src/main/java/com/example/flight_booking_service/models/Booking.java[0m
2023.02.27 20:16:12 WARN  no build target for: /home/philip/rust-programming/design_patterns/low-level-designs/flight_booking_service/src/main/java/com/example/flight_booking_service/models/Booking.java[0m
2023.02.27 20:16:19 WARN  no build target for: /home/philip/rust-programming/design_patterns/low-level-designs/flight_booking_service/src/main/java/com/example/flight_booking_service/models/Booking.java[0m
2023.02.27 20:16:21 INFO  time: code lens generation in 1s[0m
2023.02.27 20:16:30 WARN  no build target for: /home/philip/rust-programming/design_patterns/low-level-designs/flight_booking_service/src/main/java/com/example/flight_booking_service/models/enums/BookingStatus.java[0m
2023.02.27 20:16:31 WARN  no build target for: /home/philip/rust-programming/design_patterns/low-level-designs/flight_booking_service/src/main/java/com/example/flight_booking_service/models/enums/BookingStatus.java[0m
2023.02.27 20:16:33 WARN  no build target for: /home/philip/rust-programming/design_patterns/low-level-designs/flight_booking_service/src/main/java/com/example/flight_booking_service/models/enums/BookingStatus.java[0m
2023.02.27 20:16:35 WARN  no build target for: /home/philip/rust-programming/design_patterns/low-level-designs/flight_booking_service/src/main/java/com/example/flight_booking_service/models/enums/BookingStatus.java[0m
Feb 27, 2023 8:16:42 PM org.eclipse.lsp4j.jsonrpc.RemoteEndpoint handleCancellation
WARNING: Unmatched cancel notification for request id 2448
2023.02.27 20:16:46 WARN  no build target for: /home/philip/rust-programming/design_patterns/low-level-designs/flight_booking_service/src/main/java/com/example/flight_booking_service/models/enums/BookingStatus.java[0m
2023.02.27 20:16:47 INFO  time: code lens generation in 1.08s[0m
2023.02.27 20:16:50 WARN  no build target for: /home/philip/rust-programming/design_patterns/low-level-designs/flight_booking_service/src/main/java/com/example/flight_booking_service/models/enums/BookingStatus.java[0m
2023.02.27 20:16:58 WARN  no build target for: /home/philip/rust-programming/design_patterns/low-level-designs/flight_booking_service/src/main/java/com/example/flight_booking_service/models/Booking.java[0m
2023.02.27 20:19:47 WARN  no build target for: /home/philip/rust-programming/design_patterns/low-level-designs/flight_booking_service/src/main/java/com/example/flight_booking_service/models/enums/BookingStatus.java[0m
2023.02.27 20:19:48 WARN  no build target for: /home/philip/rust-programming/design_patterns/low-level-designs/flight_booking_service/src/main/java/com/example/flight_booking_service/models/enums/BookingStatus.java[0m
2023.02.27 20:19:58 WARN  no build target for: /home/philip/rust-programming/design_patterns/low-level-designs/flight_booking_service/src/main/java/com/example/flight_booking_service/models/enums/BookingStatus.java[0m
2023.02.27 20:20:04 WARN  no build target for: /home/philip/rust-programming/design_patterns/low-level-designs/flight_booking_service/src/main/java/com/example/flight_booking_service/models/enums/BookingStatus.java[0m
2023.02.27 20:20:07 WARN  no build target for: /home/philip/rust-programming/design_patterns/low-level-designs/flight_booking_service/src/main/java/com/example/flight_booking_service/models/enums/BookingStatus.java[0m
2023.02.27 21:05:54 WARN  no build target for: /home/philip/rust-programming/design_patterns/low-level-designs/flight_booking_service/src/main/java/com/example/flight_booking_service/models/Passenger.java[0m
2023.02.27 21:05:54 WARN  Running javac-semanticdb failed for file:///home/philip/rust-programming/design_patterns/low-level-designs/flight_booking_service/src/main/java/com/example/flight_booking_service/models/Passenger.java. Output:
/home/philip/rust-programming/design_patterns/low-level-designs/flight_booking_service/src/main/java/com/example/flight_booking_service/models/Passenger.java:14: error: ';' expected
    String emai
               ^
1 error[0m
2023.02.27 21:05:57 WARN  Cannot tokenize Java file file:///home/philip/rust-programming/design_patterns/low-level-designs/flight_booking_service/src/main/java/com/example/flight_booking_service/models/Passenger.javaorg.eclipse.jdt.core.compiler.InvalidInputException: Invalid_Character_Constant
	at org.eclipse.jdt.internal.core.util.PublicScanner.getNextToken(PublicScanner.java:1413)
	at scala.meta.internal.parsing.JavaTokens$.loop$1(JavaTokens.scala:71)
	at scala.meta.internal.parsing.JavaTokens$.$anonfun$tokenize$1(JavaTokens.scala:75)
	at scala.util.Try$.apply(Try.scala:210)
	at scala.meta.internal.parsing.JavaTokens$.tokenize(JavaTokens.scala:35)
	at scala.meta.internal.parsing.TokenEditDistance$.apply(TokenEditDistance.scala:370)
	at scala.meta.internal.metals.Diagnostics.publishDiagnostics(Diagnostics.scala:226)
	at scala.meta.internal.metals.Diagnostics.publishDiagnostics(Diagnostics.scala:188)
	at scala.meta.internal.metals.Diagnostics.didChange(Diagnostics.scala:136)
	at scala.meta.internal.metals.MetalsLanguageServer.didChange(MetalsLanguageServer.scala:1275)
	at jdk.internal.reflect.GeneratedMethodAccessor3.invoke(null)
	at jdk.internal.reflect.DelegatingMethodAccessorImpl.invoke(DelegatingMethodAccessorImpl.java:43)
	at java.lang.reflect.Method.invoke(Method.java:566)
	at org.eclipse.lsp4j.jsonrpc.services.GenericEndpoint.lambda$null$0(GenericEndpoint.java:65)
	at org.eclipse.lsp4j.jsonrpc.services.GenericEndpoint.notify(GenericEndpoint.java:152)
	at org.eclipse.lsp4j.jsonrpc.RemoteEndpoint.handleNotification(RemoteEndpoint.java:220)
	at org.eclipse.lsp4j.jsonrpc.RemoteEndpoint.consume(RemoteEndpoint.java:187)
	at org.eclipse.lsp4j.jsonrpc.json.StreamMessageProducer.handleMessage(StreamMessageProducer.java:194)
	at org.eclipse.lsp4j.jsonrpc.json.StreamMessageProducer.listen(StreamMessageProducer.java:94)
	at org.eclipse.lsp4j.jsonrpc.json.ConcurrentMessageProcessor.run(ConcurrentMessageProcessor.java:113)
	at java.util.concurrent.Executors$RunnableAdapter.call(Executors.java:515)
	at java.util.concurrent.FutureTask.run(FutureTask.java:264)
	at java.util.concurrent.ThreadPoolExecutor.runWorker(ThreadPoolExecutor.java:1128)
	at java.util.concurrent.ThreadPoolExecutor$Worker.run(ThreadPoolExecutor.java:628)
	at java.lang.Thread.run(Thread.java:829)
[0m
Feb 27, 2023 9:05:57 PM org.eclipse.lsp4j.jsonrpc.RemoteEndpoint fallbackResponseError
SEVERE: Internal error: org.eclipse.jdt.core.compiler.InvalidInputException: Invalid_Character_Constant
java.util.concurrent.CompletionException: org.eclipse.jdt.core.compiler.InvalidInputException: Invalid_Character_Constant
	at java.base/java.util.concurrent.CompletableFuture.encodeThrowable(CompletableFuture.java:331)
	at java.base/java.util.concurrent.CompletableFuture.completeThrowable(CompletableFuture.java:346)
	at java.base/java.util.concurrent.CompletableFuture$UniAccept.tryFire(CompletableFuture.java:704)
	at java.base/java.util.concurrent.CompletableFuture.postComplete(CompletableFuture.java:506)
	at java.base/java.util.concurrent.CompletableFuture.completeExceptionally(CompletableFuture.java:2088)
	at scala.meta.internal.metals.CancelTokens$.$anonfun$future$1(CancelTokens.scala:40)
	at scala.meta.internal.metals.CancelTokens$.$anonfun$future$1$adapted(CancelTokens.scala:38)
	at scala.concurrent.impl.Promise$Transformation.run(Promise.scala:484)
	at java.base/java.util.concurrent.ThreadPoolExecutor.runWorker(ThreadPoolExecutor.java:1128)
	at java.base/java.util.concurrent.ThreadPoolExecutor$Worker.run(ThreadPoolExecutor.java:628)
	at java.base/java.lang.Thread.run(Thread.java:829)
Caused by: org.eclipse.jdt.core.compiler.InvalidInputException: Invalid_Character_Constant
	at org.eclipse.jdt.internal.core.util.PublicScanner.getNextToken(PublicScanner.java:1413)
	at scala.meta.internal.parsing.JavaFoldingRangeExtractor.next$1(JavaFoldingRangeExtractor.scala:100)
	at scala.meta.internal.parsing.JavaFoldingRangeExtractor.gather$1(JavaFoldingRangeExtractor.scala:147)
	at scala.meta.internal.parsing.JavaFoldingRangeExtractor.extract(JavaFoldingRangeExtractor.scala:155)
	at scala.meta.internal.parsing.FoldingRangeProvider.$anonfun$getRangedForJava$2(FoldingRangeProvider.scala:54)
	at scala.Option$WithFilter.map(Option.scala:242)
	at scala.meta.internal.parsing.FoldingRangeProvider.getRangedForJava(FoldingRangeProvider.scala:49)
	at scala.meta.internal.metals.MetalsLanguageServer.$anonfun$foldingRange$3(MetalsLanguageServer.scala:1809)
	at scala.concurrent.Future$.$anonfun$apply$1(Future.scala:678)
	at scala.concurrent.impl.Promise$Transformation.run(Promise.scala:467)
	... 3 more

2023.02.27 21:05:57 WARN  Cannot tokenize Java file file:///home/philip/rust-programming/design_patterns/low-level-designs/flight_booking_service/src/main/java/com/example/flight_booking_service/models/Passenger.javaorg.eclipse.jdt.core.compiler.InvalidInputException: Invalid_Character_Constant
	at org.eclipse.jdt.internal.core.util.PublicScanner.getNextToken(PublicScanner.java:1413)
	at scala.meta.internal.parsing.JavaTokens$.loop$1(JavaTokens.scala:71)
	at scala.meta.internal.parsing.JavaTokens$.$anonfun$tokenize$1(JavaTokens.scala:75)
	at scala.util.Try$.apply(Try.scala:210)
	at scala.meta.internal.parsing.JavaTokens$.tokenize(JavaTokens.scala:35)
	at scala.meta.internal.parsing.TokenEditDistance$.apply(TokenEditDistance.scala:370)
	at scala.meta.internal.metals.Buffers.tokenEditDistance(Buffers.scala:30)
	at scala.meta.internal.metals.codelenses.RunTestCodeLens.codeLenses(RunTestCodeLens.scala:60)
	at scala.meta.internal.metals.CodeLensProvider.$anonfun$findLenses$3(CodeLensProvider.scala:26)
	at scala.collection.immutable.List.flatMap(List.scala:293)
	at scala.meta.internal.metals.CodeLensProvider.$anonfun$findLenses$2(CodeLensProvider.scala:26)
	at scala.Option.map(Option.scala:242)
	at scala.meta.internal.metals.CodeLensProvider.findLenses(CodeLensProvider.scala:24)
	at scala.meta.internal.metals.MetalsLanguageServer.$anonfun$codeLens$2(MetalsLanguageServer.scala:1793)
	at scala.meta.internal.metals.TimerProvider.timedThunk(TimerProvider.scala:25)
	at scala.meta.internal.metals.MetalsLanguageServer.$anonfun$codeLens$1(MetalsLanguageServer.scala:1791)
	at scala.meta.internal.metals.CancelTokens$.$anonfun$apply$2(CancelTokens.scala:26)
	at scala.concurrent.Future$.$anonfun$apply$1(Future.scala:678)
	at scala.concurrent.impl.Promise$Transformation.run(Promise.scala:467)
	at java.util.concurrent.ThreadPoolExecutor.runWorker(ThreadPoolExecutor.java:1128)
	at java.util.concurrent.ThreadPoolExecutor$Worker.run(ThreadPoolExecutor.java:628)
	at java.lang.Thread.run(Thread.java:829)
[0m
2023.02.27 21:05:57 WARN  Cannot tokenize Java file file:///home/philip/rust-programming/design_patterns/low-level-designs/flight_booking_service/src/main/java/com/example/flight_booking_service/models/Passenger.javaorg.eclipse.jdt.core.compiler.InvalidInputException: Invalid_Character_Constant
	at org.eclipse.jdt.internal.core.util.PublicScanner.getNextToken(PublicScanner.java:1413)
	at scala.meta.internal.parsing.JavaTokens$.loop$1(JavaTokens.scala:71)
	at scala.meta.internal.parsing.JavaTokens$.$anonfun$tokenize$1(JavaTokens.scala:75)
	at scala.util.Try$.apply(Try.scala:210)
	at scala.meta.internal.parsing.JavaTokens$.tokenize(JavaTokens.scala:35)
	at scala.meta.internal.parsing.TokenEditDistance$.apply(TokenEditDistance.scala:370)
	at scala.meta.internal.metals.Buffers.tokenEditDistance(Buffers.scala:30)
	at scala.meta.internal.metals.codelenses.SuperMethodCodeLens.codeLenses(SuperMethodCodeLens.scala:36)
	at scala.meta.internal.metals.CodeLensProvider.$anonfun$findLenses$3(CodeLensProvider.scala:26)
	at scala.collection.immutable.List.flatMap(List.scala:293)
	at scala.meta.internal.metals.CodeLensProvider.$anonfun$findLenses$2(CodeLensProvider.scala:26)
	at scala.Option.map(Option.scala:242)
	at scala.meta.internal.metals.CodeLensProvider.findLenses(CodeLensProvider.scala:24)
	at scala.meta.internal.metals.MetalsLanguageServer.$anonfun$codeLens$2(MetalsLanguageServer.scala:1793)
	at scala.meta.internal.metals.TimerProvider.timedThunk(TimerProvider.scala:25)
	at scala.meta.internal.metals.MetalsLanguageServer.$anonfun$codeLens$1(MetalsLanguageServer.scala:1791)
	at scala.meta.internal.metals.CancelTokens$.$anonfun$apply$2(CancelTokens.scala:26)
	at scala.concurrent.Future$.$anonfun$apply$1(Future.scala:678)
	at scala.concurrent.impl.Promise$Transformation.run(Promise.scala:467)
	at java.util.concurrent.ThreadPoolExecutor.runWorker(ThreadPoolExecutor.java:1128)
	at java.util.concurrent.ThreadPoolExecutor$Worker.run(ThreadPoolExecutor.java:628)
	at java.lang.Thread.run(Thread.java:829)
[0m
2023.02.27 21:05:58 WARN  no build target for: /home/philip/rust-programming/design_patterns/low-level-designs/flight_booking_service/src/main/java/com/example/flight_booking_service/models/Passenger.java[0m
2023.02.27 21:09:10 WARN  no build target for: /home/philip/rust-programming/design_patterns/low-level-designs/flight_booking_service/src/main/java/com/example/flight_booking_service/models/Passenger.java[0m
2023.02.27 21:09:15 WARN  no build target for: /home/philip/rust-programming/design_patterns/low-level-designs/flight_booking_service/src/main/java/com/example/flight_booking_service/models/Passenger.java[0m
2023.02.27 21:09:21 WARN  no build target for: /home/philip/rust-programming/design_patterns/low-level-designs/flight_booking_service/src/main/java/com/example/flight_booking_service/models/Passenger.java[0m
2023.02.27 21:09:24 WARN  no build target for: /home/philip/rust-programming/design_patterns/low-level-designs/flight_booking_service/src/main/java/com/example/flight_booking_service/models/Passenger.java[0m
2023.02.27 21:09:28 WARN  no build target for: /home/philip/rust-programming/design_patterns/low-level-designs/flight_booking_service/src/main/java/com/example/flight_booking_service/models/Passenger.java[0m
2023.02.27 21:09:32 WARN  no build target for: /home/philip/rust-programming/design_patterns/low-level-designs/flight_booking_service/src/main/java/com/example/flight_booking_service/models/Passenger.java[0m
2023.02.27 21:09:44 WARN  no build target for: /home/philip/rust-programming/design_patterns/low-level-designs/flight_booking_service/src/main/java/com/example/flight_booking_service/models/Airline.java[0m
2023.02.27 21:09:50 WARN  no build target for: /home/philip/rust-programming/design_patterns/low-level-designs/flight_booking_service/src/main/java/com/example/flight_booking_service/models/Airline.java[0m
2023.02.27 21:29:15 INFO  shutting down Metals[0m
2023.02.28 03:31:59 INFO  tracing is disabled for protocol LSP, to enable tracing of incoming and outgoing JSON messages create an empty file at /home/philip/rust-programming/design_patterns/low-level-designs/flight_booking_service/.metals/lsp.trace.json or /home/philip/.cache/metals/lsp.trace.json[0m
2023.02.28 03:32:05 INFO  logging to file /home/philip/rust-programming/design_patterns/low-level-designs/flight_booking_service/.metals/metals.log[0m
2023.02.28 03:32:05 INFO  Started: Metals version 0.11.10 in workspace '/home/philip/rust-programming/design_patterns/low-level-designs/flight_booking_service' for client Visual Studio Code 1.75.1.[0m
SLF4J: No SLF4J providers were found.
SLF4J: Defaulting to no-operation (NOP) logger implementation
SLF4J: See https://www.slf4j.org/codes.html#noProviders for further details.
SLF4J: Class path contains SLF4J bindings targeting slf4j-api versions 1.7.x or earlier.
SLF4J: Ignoring binding found at [jar:file:/home/philip/.cache/coursier/v1/https/repo1.maven.org/maven2/com/outr/scribe-slf4j_2.13/3.10.5/scribe-slf4j_2.13-3.10.5.jar!/org/slf4j/impl/StaticLoggerBinder.class]
SLF4J: See https://www.slf4j.org/codes.html#ignoredBindings for an explanation.
2023.02.28 03:32:13 INFO  time: initialize in 8.69s[0m
2023.02.28 03:32:21 WARN  Build server is not auto-connectable.[0m
2023.02.28 03:32:21 WARN  no build target for: /home/philip/rust-programming/design_patterns/low-level-designs/flight_booking_service/src/main/java/com/example/flight_booking_service/models/Airline.java[0m
Feb 28, 2023 3:32:30 AM org.eclipse.lsp4j.jsonrpc.services.GenericEndpoint notify
INFO: Unsupported notification method: $/setTrace
Feb 28, 2023 3:32:59 AM org.eclipse.lsp4j.jsonrpc.services.GenericEndpoint notify
INFO: Unsupported notification method: $/setTrace
Feb 28, 2023 4:42:13 AM org.eclipse.lsp4j.jsonrpc.services.GenericEndpoint notify
INFO: Unsupported notification method: $/setTrace
2023.02.28 06:44:13 INFO  tracing is disabled for protocol LSP, to enable tracing of incoming and outgoing JSON messages create an empty file at /home/philip/rust-programming/design_patterns/low-level-designs/flight_booking_service/.metals/lsp.trace.json or /home/philip/.cache/metals/lsp.trace.json[0m
2023.02.28 06:44:19 INFO  logging to file /home/philip/rust-programming/design_patterns/low-level-designs/flight_booking_service/.metals/metals.log[0m
2023.02.28 06:44:19 INFO  Started: Metals version 0.11.10 in workspace '/home/philip/rust-programming/design_patterns/low-level-designs/flight_booking_service' for client Visual Studio Code 1.75.1.[0m
SLF4J: No SLF4J providers were found.
SLF4J: Defaulting to no-operation (NOP) logger implementation
SLF4J: See https://www.slf4j.org/codes.html#noProviders for further details.
SLF4J: Class path contains SLF4J bindings targeting slf4j-api versions 1.7.x or earlier.
SLF4J: Ignoring binding found at [jar:file:/home/philip/.cache/coursier/v1/https/repo1.maven.org/maven2/com/outr/scribe-slf4j_2.13/3.10.5/scribe-slf4j_2.13-3.10.5.jar!/org/slf4j/impl/StaticLoggerBinder.class]
SLF4J: See https://www.slf4j.org/codes.html#ignoredBindings for an explanation.
2023.02.28 06:44:30 INFO  time: initialize in 11s[0m
2023.02.28 06:44:47 WARN  Build server is not auto-connectable.[0m
2023.02.28 06:44:47 WARN  no build target for: /home/philip/rust-programming/design_patterns/low-level-designs/flight_booking_service/src/main/java/com/example/flight_booking_service/models/Airline.java[0m
Feb 28, 2023 6:45:43 AM org.eclipse.lsp4j.jsonrpc.RemoteEndpoint handleCancellation
WARNING: Unmatched cancel notification for request id 4
Feb 28, 2023 6:45:43 AM org.eclipse.lsp4j.jsonrpc.RemoteEndpoint handleCancellation
WARNING: Unmatched cancel notification for request id 5
Feb 28, 2023 6:46:42 AM org.eclipse.lsp4j.jsonrpc.RemoteEndpoint handleCancellation
WARNING: Unmatched cancel notification for request id 8
2023.02.28 06:53:49 INFO  shutting down Metals[0m
