2022.12.13 19:52:21 INFO  tracing is disabled for protocol LSP, to enable tracing of incoming and outgoing JSON messages create an empty file at /home/philip/rust-programming/design_patterns/.metals/lsp.trace.json or /home/philip/.cache/metals/lsp.trace.json[0m
2022.12.13 19:52:23 INFO  logging to file /home/philip/rust-programming/design_patterns/.metals/metals.log[0m
2022.12.13 19:52:23 INFO  Started: Metals version 0.11.9 in workspace '/home/philip/rust-programming/design_patterns' for client Visual Studio Code 1.74.0.[0m
2022.12.13 19:52:28 INFO  time: initialize in 5.39s[0m
2022.12.13 19:52:32 WARN  Build server is not auto-connectable.[0m
2022.12.13 19:52:32 WARN  no build tool detected in workspace '/home/philip/rust-programming/design_patterns'. The most common cause for this problem is that the editor was opened in the wrong working directory, for example if you use sbt then the workspace directory should contain build.sbt. [0m
2022.12.13 19:52:32 WARN  no build target for: /home/philip/rust-programming/design_patterns/singleton_java/src/main/java/com/example/App.java[0m
Dec 13, 2022 7:52:33 PM org.eclipse.lsp4j.jsonrpc.RemoteEndpoint handleCancellation
WARNING: Unmatched cancel notification for request id 2
2022.12.13 19:52:34 INFO  time: code lens generation in 1.3s[0m
2022.12.13 19:52:34 INFO  time: code lens generation in 1.22s[0m
Dec 13, 2022 7:54:04 PM org.eclipse.lsp4j.jsonrpc.services.GenericEndpoint notify
INFO: Unsupported notification method: $/setTrace
2022.12.13 19:54:37 WARN  no build target for: /home/philip/rust-programming/design_patterns/factory_java/src/main/java/com/example/App.java[0m
2022.12.13 19:54:49 INFO  shutting down Metals[0m
2022.12.14 11:57:46 INFO  tracing is disabled for protocol LSP, to enable tracing of incoming and outgoing JSON messages create an empty file at /home/philip/rust-programming/design_patterns/.metals/lsp.trace.json or /home/philip/.cache/metals/lsp.trace.json[0m
2022.12.14 11:57:47 INFO  logging to file /home/philip/rust-programming/design_patterns/.metals/metals.log[0m
2022.12.14 11:57:47 INFO  Started: Metals version 0.11.9 in workspace '/home/philip/rust-programming/design_patterns' for client Visual Studio Code 1.74.0.[0m
2022.12.14 11:57:51 INFO  time: initialize in 3.98s[0m
2022.12.14 11:57:55 WARN  Build server is not auto-connectable.[0m
2022.12.14 11:57:55 WARN  no build tool detected in workspace '/home/philip/rust-programming/design_patterns'. The most common cause for this problem is that the editor was opened in the wrong working directory, for example if you use sbt then the workspace directory should contain build.sbt. [0m
2022.12.14 11:57:55 WARN  no build target for: /home/philip/rust-programming/design_patterns/factory_java/src/main/java/com/example/App.java[0m
2022.12.14 11:57:59 INFO  time: code lens generation in 3.26s[0m
2022.12.14 11:57:59 INFO  time: code lens generation in 2.32s[0m
2022.12.14 11:57:59 INFO  time: code lens generation in 1.28s[0m
Dec 14, 2022 3:39:30 PM org.eclipse.lsp4j.jsonrpc.services.GenericEndpoint notify
INFO: Unsupported notification method: $/setTrace
2022.12.15 11:05:31 INFO  tracing is disabled for protocol LSP, to enable tracing of incoming and outgoing JSON messages create an empty file at /home/philip/rust-programming/design_patterns/.metals/lsp.trace.json or /home/philip/.cache/metals/lsp.trace.json[0m
2022.12.15 11:05:34 INFO  logging to file /home/philip/rust-programming/design_patterns/.metals/metals.log[0m
2022.12.15 11:05:34 INFO  Started: Metals version 0.11.9 in workspace '/home/philip/rust-programming/design_patterns' for client Visual Studio Code 1.74.0.[0m
2022.12.15 11:05:38 INFO  time: initialize in 4.05s[0m
2022.12.15 11:05:43 WARN  Build server is not auto-connectable.[0m
2022.12.15 11:05:43 WARN  no build tool detected in workspace '/home/philip/rust-programming/design_patterns'. The most common cause for this problem is that the editor was opened in the wrong working directory, for example if you use sbt then the workspace directory should contain build.sbt. [0m
2022.12.15 11:05:43 WARN  no build target for: /home/philip/rust-programming/design_patterns/factory_java/src/main/java/com/example/App.java[0m
Dec 15, 2022 11:05:44 AM org.eclipse.lsp4j.jsonrpc.RemoteEndpoint handleCancellation
WARNING: Unmatched cancel notification for request id 2
2022.12.15 11:05:46 INFO  time: code lens generation in 1.69s[0m
2022.12.15 11:05:46 INFO  time: code lens generation in 1.89s[0m
Dec 15, 2022 11:10:02 AM org.eclipse.lsp4j.jsonrpc.services.GenericEndpoint notify
INFO: Unsupported notification method: $/setTrace
2022.12.15 17:14:47 WARN  no build target for: /home/philip/rust-programming/design_patterns/factory_java/src/main/java/com/example/factory/Dialog.java[0m
2022.12.15 17:14:48 WARN  no build target for: /home/philip/rust-programming/design_patterns/factory_java/src/main/java/com/example/factory/HtmlDialog.java[0m
2022.12.15 17:14:48 WARN  no build target for: /home/philip/rust-programming/design_patterns/factory_java/src/main/java/com/example/factory/WindowsDialog.java[0m
2022.12.15 17:14:51 INFO  time: code lens generation in 1.29s[0m
2022.12.15 17:14:54 INFO  shutting down Metals[0m
2022.12.15 18:56:05 INFO  tracing is disabled for protocol LSP, to enable tracing of incoming and outgoing JSON messages create an empty file at /home/philip/rust-programming/design_patterns/.metals/lsp.trace.json or /home/philip/.cache/metals/lsp.trace.json[0m
2022.12.15 18:56:07 INFO  logging to file /home/philip/rust-programming/design_patterns/.metals/metals.log[0m
2022.12.15 18:56:07 INFO  Started: Metals version 0.11.9 in workspace '/home/philip/rust-programming/design_patterns' for client Visual Studio Code 1.74.1.[0m
2022.12.15 18:56:11 INFO  time: initialize in 4.26s[0m
2022.12.15 18:56:16 WARN  Build server is not auto-connectable.[0m
2022.12.15 18:56:16 WARN  no build tool detected in workspace '/home/philip/rust-programming/design_patterns'. The most common cause for this problem is that the editor was opened in the wrong working directory, for example if you use sbt then the workspace directory should contain build.sbt. [0m
2022.12.15 18:56:16 WARN  no build target for: /home/philip/rust-programming/design_patterns/factory_java/src/main/java/com/example/factory/WindowsDialog.java[0m
2022.12.15 18:56:39 INFO  shutting down Metals[0m
2022.12.20 12:52:09 INFO  tracing is disabled for protocol LSP, to enable tracing of incoming and outgoing JSON messages create an empty file at /home/philip/rust-programming/design_patterns/.metals/lsp.trace.json or /home/philip/.cache/metals/lsp.trace.json[0m
2022.12.20 12:52:12 INFO  logging to file /home/philip/rust-programming/design_patterns/.metals/metals.log[0m
2022.12.20 12:52:12 INFO  Started: Metals version 0.11.9 in workspace '/home/philip/rust-programming/design_patterns' for client Visual Studio Code 1.74.1.[0m
2022.12.20 12:52:19 INFO  time: initialize in 6.92s[0m
2022.12.20 12:52:23 WARN  Build server is not auto-connectable.[0m
2022.12.20 12:52:23 WARN  no build tool detected in workspace '/home/philip/rust-programming/design_patterns'. The most common cause for this problem is that the editor was opened in the wrong working directory, for example if you use sbt then the workspace directory should contain build.sbt. [0m
Dec 20, 2022 1:06:37 PM org.eclipse.lsp4j.jsonrpc.services.GenericEndpoint notify
INFO: Unsupported notification method: $/setTrace
